<?xml version="1.0" encoding="UTF-8"?>
<robot generator="Robot 7.0 (Python 3.12.2 on win32)" generated="2024-04-26T20:42:46.734272" rpa="false" schemaversion="5">
<suite id="s1" name="Tests" source="G:\Meu Drive\Academy_2024\RobortFramework\APIQualitysHunters\TesteAPIQH\tests">
<suite id="s1-s1" name="Delete Swagger Test" source="G:\Meu Drive\Academy_2024\RobortFramework\APIQualitysHunters\TesteAPIQH\tests\delete_swagger_test.robot">
<test id="s1-s1-t1" name="Cenário com DELETE:" line="12">
<kw name="Criar diretoria" owner="swagger_testes_recursos">
<kw name="Create Dictionary" owner="BuiltIn">
<msg time="2024-04-26T20:42:47.076185" level="INFO">${headers} = {'Authorization': 'eyJhbGciOiJIUzI1NiIsInR5cCI6IkpXVCJ9.eyJfaWQiOiI2NTMzMDk5YWZhNzBkNTMwNzVjODFlZjQiLCJmdWxsTmFtZSI6IlFhLUNvZGVycy1TWVNBRE1JTiIsIm1haWwiOiJzeXNhZG1pbkBxYWNvZGVycy5jb20iLCJwYXNzd29yZCI6...</msg>
<var>${headers}</var>
<arg>Authorization=${TOKEN}</arg>
<doc>Creates and returns a dictionary based on the given ``items``.</doc>
<status status="PASS" start="2024-04-26T20:42:47.076185" elapsed="0.000000"/>
</kw>
<kw name="Create Dictionary" owner="BuiltIn">
<msg time="2024-04-26T20:42:47.077183" level="INFO">${body} = {'boardName': ''}</msg>
<var>${body}</var>
<arg>boardName=</arg>
<doc>Creates and returns a dictionary based on the given ``items``.</doc>
<status status="PASS" start="2024-04-26T20:42:47.076185" elapsed="0.000998"/>
</kw>
<kw name="Log" owner="BuiltIn">
<msg time="2024-04-26T20:42:47.077183" level="INFO">{'boardName': ''}</msg>
<arg>${body}</arg>
<doc>Logs the given message with the given level.</doc>
<status status="PASS" start="2024-04-26T20:42:47.077183" elapsed="0.000000"/>
</kw>
<kw name="Criar sessão" owner="swagger_testes_recursos">
<kw name="Create Dictionary" owner="BuiltIn">
<msg time="2024-04-26T20:42:47.078183" level="INFO">${headers} = {'accept': 'application/json', 'Content-Type': 'application/json', 'Authorization': 'eyJhbGciOiJIUzI1NiIsInR5cCI6IkpXVCJ9.eyJfaWQiOiI2NTMzMDk5YWZhNzBkNTMwNzVjODFlZjQiLCJmdWxsTmFtZSI6IlFhLUNvZGVycy1TWV...</msg>
<var>${headers}</var>
<arg>accept=application/json</arg>
<arg>Content-Type=application/json</arg>
<arg>Authorization=${TOKEN}</arg>
<doc>Creates and returns a dictionary based on the given ``items``.</doc>
<status status="PASS" start="2024-04-26T20:42:47.077183" elapsed="0.001000"/>
</kw>
<kw name="Create Session" owner="RequestsLibrary">
<msg time="2024-04-26T20:42:47.078183" level="INFO">Creating Session using : alias=APISwagger, url=https://qualitys-hunters.qacoders-academy.com.br, headers={'accept': 'application/json', 'Content-Type': 'application/json', 'Authorization': 'eyJhbGciOiJIUzI1NiIsInR5cCI6IkpXVCJ9.eyJfaWQiOiI2NTMzMDk5YWZhNzBkNTMwNzVjODFlZjQiLCJmdWxsTmFtZSI6IlFhLUNvZGVycy1TWVNBRE1JTiIsIm1haWwiOiJzeXNhZG1pbkBxYWNvZGVycy5jb20iLCJwYXNzd29yZCI6IiQyYiQxMCRBVEd0US5ZMVB4a1VxNHJDS00zS2x1djl4TVJIUHU4Mkg4Ylo3ZFNFSVNxTHVQSlIuTEFuNiIsImFjY2Vzc1Byb2ZpbGUiOiJTWVNBRE1JTiIsImNwZiI6IjExMTExMTExMTExIiwic3RhdHVzIjp0cnVlLCJhdWRpdCI6W3sicmVnaXN0ZXJlZEJ5Ijp7InVzZXJJZCI6IjExMTExMTExMTExMTExMTExMSIsInVzZXJMb2dpbiI6InN5c2FkbWluQHFhY29kZXJzLmNvbSJ9LCJyZWdpc3RyYXRpb25EYXRlIjoic2V4dGEtZmVpcmEsIDIwLzEwLzIwMjMsIDIwOjEzOjI5IEJSVCIsInJlZ2lzdHJhdGlvbk51bWJlciI6IjAxIiwiY29tcGFueUlkIjoiUWEuQ29kZXJzIiwiX2lkIjoiNjUzMzA5OWFmYTcwZDUzMDc1YzgxZWY1In1dLCJfX3YiOjAsImlhdCI6MTcxMjI1MjY3NiwiZXhwIjoxNzEyMzM5MDc2fQ.s80hLFQ-InuCDIjnv2odxuDIq9t03A3bZ33SWMnL2m0'},                     cookies={}, auth=None, timeout=None, proxies=None, verify=False,                     debug=0 </msg>
<arg>alias=APISwagger</arg>
<arg>url=https://qualitys-hunters.qacoders-academy.com.br</arg>
<arg>headers=${headers}</arg>
<doc>Create Session: create a HTTP session to a server</doc>
<status status="PASS" start="2024-04-26T20:42:47.078183" elapsed="0.000000"/>
</kw>
<status status="PASS" start="2024-04-26T20:42:47.077183" elapsed="0.001000"/>
</kw>
<kw name="POST On Session" owner="RequestsLibrary">
<msg time="2024-04-26T20:43:08.169569" level="WARN">Retrying (RetryAdapter(total=2, connect=None, read=None, redirect=None, status=None)) after connection broken by 'ConnectTimeoutError(&lt;urllib3.connection.HTTPSConnection object at 0x0000021BFB758050&gt;, 'Connection to qualitys-hunters.qacoders-academy.com.br timed out. (connect timeout=None)')': /api/board</msg>
<msg time="2024-04-26T20:43:29.434936" level="WARN">Retrying (RetryAdapter(total=1, connect=None, read=None, redirect=None, status=None)) after connection broken by 'ConnectTimeoutError(&lt;urllib3.connection.HTTPSConnection object at 0x0000021BFEF030E0&gt;, 'Connection to qualitys-hunters.qacoders-academy.com.br timed out. (connect timeout=None)')': /api/board</msg>
<msg time="2024-04-26T20:43:50.893627" level="WARN">Retrying (RetryAdapter(total=0, connect=None, read=None, redirect=None, status=None)) after connection broken by 'ConnectTimeoutError(&lt;urllib3.connection.HTTPSConnection object at 0x0000021BFEF033B0&gt;, 'Connection to qualitys-hunters.qacoders-academy.com.br timed out. (connect timeout=None)')': /api/board</msg>
<msg time="2024-04-26T20:44:12.014151" level="FAIL">ConnectTimeout: HTTPSConnectionPool(host='qualitys-hunters.qacoders-academy.com.br', port=443): Max retries exceeded with url: /api/board (Caused by ConnectTimeoutError(&lt;urllib3.connection.HTTPSConnection object at 0x0000021BFEF035C0&gt;, 'Connection to qualitys-hunters.qacoders-academy.com.br timed out. (connect timeout=None)'))</msg>
<var>${resposta}</var>
<arg>alias=APISwagger</arg>
<arg>url=/api/board</arg>
<arg>json=${body}</arg>
<doc>Sends a POST request on a previously created HTTP Session.</doc>
<status status="FAIL" start="2024-04-26T20:42:47.079182" elapsed="85.071894">ConnectTimeout: HTTPSConnectionPool(host='qualitys-hunters.qacoders-academy.com.br', port=443): Max retries exceeded with url: /api/board (Caused by ConnectTimeoutError(&lt;urllib3.connection.HTTPSConnection object at 0x0000021BFEF035C0&gt;, 'Connection to qualitys-hunters.qacoders-academy.com.br timed out. (connect timeout=None)'))</status>
</kw>
<kw name="Log" owner="BuiltIn">
<arg>${resposta.json()}</arg>
<doc>Logs the given message with the given level.</doc>
<status status="NOT RUN" start="2024-04-26T20:44:12.152078" elapsed="0.000000"/>
</kw>
<kw name="Set Test Variable" owner="BuiltIn">
<arg>${BOARD_NAME}</arg>
<arg>${resposta.json()['newBoard']['_id']}</arg>
<doc>Makes a variable available everywhere within the scope of the current test.</doc>
<status status="NOT RUN" start="2024-04-26T20:44:12.152078" elapsed="0.000000"/>
</kw>
<kw name="Set Test Variable" owner="BuiltIn">
<arg>${RESPOSTA}</arg>
<arg>${resposta.json()}</arg>
<doc>Makes a variable available everywhere within the scope of the current test.</doc>
<status status="NOT RUN" start="2024-04-26T20:44:12.152078" elapsed="0.000000"/>
</kw>
<kw>
<var>${resposta}</var>
<var>${resposta['expected_status']['400']}</var>
<status status="NOT RUN" start="2024-04-26T20:44:12.152078" elapsed="0.000000"/>
</kw>
<status status="FAIL" start="2024-04-26T20:42:47.074185" elapsed="85.078894">ConnectTimeout: HTTPSConnectionPool(host='qualitys-hunters.qacoders-academy.com.br', port=443): Max retries exceeded with url: /api/board (Caused by ConnectTimeoutError(&lt;urllib3.connection.HTTPSConnection object at 0x0000021BFEF035C0&gt;, 'Connection to qualitys-hunters.qacoders-academy.com.br timed out. (connect timeout=None)'))</status>
</kw>
<kw name="Conferir os dados retornados da Diretoria" owner="swagger_testes_recursos">
<status status="NOT RUN" start="2024-04-26T20:44:12.154078" elapsed="0.000000"/>
</kw>
<kw name="Excluir Diretoria">
<status status="NOT RUN" start="2024-04-26T20:44:12.157077" elapsed="0.000000"/>
</kw>
<kw name="Conferir se Diretoria foi excluida">
<status status="NOT RUN" start="2024-04-26T20:44:12.162073" elapsed="0.000000"/>
</kw>
<status status="FAIL" start="2024-04-26T20:42:47.073186" elapsed="85.088887">ConnectTimeout: HTTPSConnectionPool(host='qualitys-hunters.qacoders-academy.com.br', port=443): Max retries exceeded with url: /api/board (Caused by ConnectTimeoutError(&lt;urllib3.connection.HTTPSConnection object at 0x0000021BFEF035C0&gt;, 'Connection to qualitys-hunters.qacoders-academy.com.br timed out. (connect timeout=None)'))</status>
</test>
<status status="FAIL" start="2024-04-26T20:42:46.782366" elapsed="85.382707"/>
</suite>
<suite id="s1-s2" name="Get Swagger Test" source="G:\Meu Drive\Academy_2024\RobortFramework\APIQualitysHunters\TesteAPIQH\tests\get_swagger_test.robot">
<test id="s1-s2-t1" name="Cenário com GET: Consultar dados da Diretoria" line="12">
<kw name="Criar sessão" owner="swagger_testes_recursos">
<kw name="Create Dictionary" owner="BuiltIn">
<msg time="2024-04-26T20:44:12.198051" level="INFO">${headers} = {'accept': 'application/json', 'Content-Type': 'application/json', 'Authorization': 'eyJhbGciOiJIUzI1NiIsInR5cCI6IkpXVCJ9.eyJfaWQiOiI2NTMzMDk5YWZhNzBkNTMwNzVjODFlZjQiLCJmdWxsTmFtZSI6IlFhLUNvZGVycy1TWV...</msg>
<var>${headers}</var>
<arg>accept=application/json</arg>
<arg>Content-Type=application/json</arg>
<arg>Authorization=${TOKEN}</arg>
<doc>Creates and returns a dictionary based on the given ``items``.</doc>
<status status="PASS" start="2024-04-26T20:44:12.197052" elapsed="0.000999"/>
</kw>
<kw name="Create Session" owner="RequestsLibrary">
<msg time="2024-04-26T20:44:12.198051" level="INFO">Creating Session using : alias=APISwagger, url=https://qualitys-hunters.qacoders-academy.com.br, headers={'accept': 'application/json', 'Content-Type': 'application/json', 'Authorization': 'eyJhbGciOiJIUzI1NiIsInR5cCI6IkpXVCJ9.eyJfaWQiOiI2NTMzMDk5YWZhNzBkNTMwNzVjODFlZjQiLCJmdWxsTmFtZSI6IlFhLUNvZGVycy1TWVNBRE1JTiIsIm1haWwiOiJzeXNhZG1pbkBxYWNvZGVycy5jb20iLCJwYXNzd29yZCI6IiQyYiQxMCRBVEd0US5ZMVB4a1VxNHJDS00zS2x1djl4TVJIUHU4Mkg4Ylo3ZFNFSVNxTHVQSlIuTEFuNiIsImFjY2Vzc1Byb2ZpbGUiOiJTWVNBRE1JTiIsImNwZiI6IjExMTExMTExMTExIiwic3RhdHVzIjp0cnVlLCJhdWRpdCI6W3sicmVnaXN0ZXJlZEJ5Ijp7InVzZXJJZCI6IjExMTExMTExMTExMTExMTExMSIsInVzZXJMb2dpbiI6InN5c2FkbWluQHFhY29kZXJzLmNvbSJ9LCJyZWdpc3RyYXRpb25EYXRlIjoic2V4dGEtZmVpcmEsIDIwLzEwLzIwMjMsIDIwOjEzOjI5IEJSVCIsInJlZ2lzdHJhdGlvbk51bWJlciI6IjAxIiwiY29tcGFueUlkIjoiUWEuQ29kZXJzIiwiX2lkIjoiNjUzMzA5OWFmYTcwZDUzMDc1YzgxZWY1In1dLCJfX3YiOjAsImlhdCI6MTcxMjI1MjY3NiwiZXhwIjoxNzEyMzM5MDc2fQ.s80hLFQ-InuCDIjnv2odxuDIq9t03A3bZ33SWMnL2m0'},                     cookies={}, auth=None, timeout=None, proxies=None, verify=False,                     debug=0 </msg>
<arg>alias=APISwagger</arg>
<arg>url=https://qualitys-hunters.qacoders-academy.com.br</arg>
<arg>headers=${headers}</arg>
<doc>Create Session: create a HTTP session to a server</doc>
<status status="PASS" start="2024-04-26T20:44:12.198051" elapsed="0.000000"/>
</kw>
<status status="PASS" start="2024-04-26T20:44:12.197052" elapsed="0.001997"/>
</kw>
<kw name="Entrar com usuario sysadmin" owner="swagger_testes_recursos">
<kw name="Create Dictionary" owner="BuiltIn">
<msg time="2024-04-26T20:44:12.200048" level="INFO">${body} = {'mail': 'sysadmin@qacoders.com', 'password': '1234@Test'}</msg>
<var>${body}</var>
<arg>mail=sysadmin@qacoders.com</arg>
<arg>password=1234@Test</arg>
<doc>Creates and returns a dictionary based on the given ``items``.</doc>
<status status="PASS" start="2024-04-26T20:44:12.199049" elapsed="0.000999"/>
</kw>
<kw name="Log" owner="BuiltIn">
<msg time="2024-04-26T20:44:12.200048" level="INFO">{'mail': 'sysadmin@qacoders.com', 'password': '1234@Test'}</msg>
<arg>${body}</arg>
<doc>Logs the given message with the given level.</doc>
<status status="PASS" start="2024-04-26T20:44:12.200048" elapsed="0.000000"/>
</kw>
<kw name="Criar sessão" owner="swagger_testes_recursos">
<kw name="Create Dictionary" owner="BuiltIn">
<msg time="2024-04-26T20:44:12.201049" level="INFO">${headers} = {'accept': 'application/json', 'Content-Type': 'application/json', 'Authorization': 'eyJhbGciOiJIUzI1NiIsInR5cCI6IkpXVCJ9.eyJfaWQiOiI2NTMzMDk5YWZhNzBkNTMwNzVjODFlZjQiLCJmdWxsTmFtZSI6IlFhLUNvZGVycy1TWV...</msg>
<var>${headers}</var>
<arg>accept=application/json</arg>
<arg>Content-Type=application/json</arg>
<arg>Authorization=${TOKEN}</arg>
<doc>Creates and returns a dictionary based on the given ``items``.</doc>
<status status="PASS" start="2024-04-26T20:44:12.201049" elapsed="0.000000"/>
</kw>
<kw name="Create Session" owner="RequestsLibrary">
<msg time="2024-04-26T20:44:12.201049" level="INFO">Creating Session using : alias=APISwagger, url=https://qualitys-hunters.qacoders-academy.com.br, headers={'accept': 'application/json', 'Content-Type': 'application/json', 'Authorization': 'eyJhbGciOiJIUzI1NiIsInR5cCI6IkpXVCJ9.eyJfaWQiOiI2NTMzMDk5YWZhNzBkNTMwNzVjODFlZjQiLCJmdWxsTmFtZSI6IlFhLUNvZGVycy1TWVNBRE1JTiIsIm1haWwiOiJzeXNhZG1pbkBxYWNvZGVycy5jb20iLCJwYXNzd29yZCI6IiQyYiQxMCRBVEd0US5ZMVB4a1VxNHJDS00zS2x1djl4TVJIUHU4Mkg4Ylo3ZFNFSVNxTHVQSlIuTEFuNiIsImFjY2Vzc1Byb2ZpbGUiOiJTWVNBRE1JTiIsImNwZiI6IjExMTExMTExMTExIiwic3RhdHVzIjp0cnVlLCJhdWRpdCI6W3sicmVnaXN0ZXJlZEJ5Ijp7InVzZXJJZCI6IjExMTExMTExMTExMTExMTExMSIsInVzZXJMb2dpbiI6InN5c2FkbWluQHFhY29kZXJzLmNvbSJ9LCJyZWdpc3RyYXRpb25EYXRlIjoic2V4dGEtZmVpcmEsIDIwLzEwLzIwMjMsIDIwOjEzOjI5IEJSVCIsInJlZ2lzdHJhdGlvbk51bWJlciI6IjAxIiwiY29tcGFueUlkIjoiUWEuQ29kZXJzIiwiX2lkIjoiNjUzMzA5OWFmYTcwZDUzMDc1YzgxZWY1In1dLCJfX3YiOjAsImlhdCI6MTcxMjI1MjY3NiwiZXhwIjoxNzEyMzM5MDc2fQ.s80hLFQ-InuCDIjnv2odxuDIq9t03A3bZ33SWMnL2m0'},                     cookies={}, auth=None, timeout=None, proxies=None, verify=False,                     debug=0 </msg>
<arg>alias=APISwagger</arg>
<arg>url=https://qualitys-hunters.qacoders-academy.com.br</arg>
<arg>headers=${headers}</arg>
<doc>Create Session: create a HTTP session to a server</doc>
<status status="PASS" start="2024-04-26T20:44:12.201049" elapsed="0.000000"/>
</kw>
<status status="PASS" start="2024-04-26T20:44:12.200048" elapsed="0.002000"/>
</kw>
<kw name="POST On Session" owner="RequestsLibrary">
<msg time="2024-04-26T20:44:33.272171" level="WARN">Retrying (RetryAdapter(total=2, connect=None, read=None, redirect=None, status=None)) after connection broken by 'ConnectTimeoutError(&lt;urllib3.connection.HTTPSConnection object at 0x0000021BFEEE9370&gt;, 'Connection to qualitys-hunters.qacoders-academy.com.br timed out. (connect timeout=None)')': /api/login</msg>
<msg time="2024-04-26T20:44:54.530195" level="WARN">Retrying (RetryAdapter(total=1, connect=None, read=None, redirect=None, status=None)) after connection broken by 'ConnectTimeoutError(&lt;urllib3.connection.HTTPSConnection object at 0x0000021BFEF8AC60&gt;, 'Connection to qualitys-hunters.qacoders-academy.com.br timed out. (connect timeout=None)')': /api/login</msg>
<msg time="2024-04-26T20:45:15.992221" level="WARN">Retrying (RetryAdapter(total=0, connect=None, read=None, redirect=None, status=None)) after connection broken by 'ConnectTimeoutError(&lt;urllib3.connection.HTTPSConnection object at 0x0000021BFEF8B0E0&gt;, 'Connection to qualitys-hunters.qacoders-academy.com.br timed out. (connect timeout=None)')': /api/login</msg>
<msg time="2024-04-26T20:45:37.108738" level="FAIL">ConnectTimeout: HTTPSConnectionPool(host='qualitys-hunters.qacoders-academy.com.br', port=443): Max retries exceeded with url: /api/login (Caused by ConnectTimeoutError(&lt;urllib3.connection.HTTPSConnection object at 0x0000021BFEF883E0&gt;, 'Connection to qualitys-hunters.qacoders-academy.com.br timed out. (connect timeout=None)'))</msg>
<var>${resposta}</var>
<arg>alias=APISwagger</arg>
<arg>url=/api/login</arg>
<arg>json=${body}</arg>
<doc>Sends a POST request on a previously created HTTP Session.</doc>
<status status="FAIL" start="2024-04-26T20:44:12.202048" elapsed="84.910684">ConnectTimeout: HTTPSConnectionPool(host='qualitys-hunters.qacoders-academy.com.br', port=443): Max retries exceeded with url: /api/login (Caused by ConnectTimeoutError(&lt;urllib3.connection.HTTPSConnection object at 0x0000021BFEF883E0&gt;, 'Connection to qualitys-hunters.qacoders-academy.com.br timed out. (connect timeout=None)'))</status>
</kw>
<kw name="Log" owner="BuiltIn">
<arg>${resposta.json()}</arg>
<doc>Logs the given message with the given level.</doc>
<status status="NOT RUN" start="2024-04-26T20:45:37.113733" elapsed="0.000000"/>
</kw>
<kw name="Set Test Variable" owner="BuiltIn">
<arg>${TOKEN}</arg>
<arg>${resposta.json()["token"]}</arg>
<doc>Makes a variable available everywhere within the scope of the current test.</doc>
<status status="NOT RUN" start="2024-04-26T20:45:37.116865" elapsed="0.000000"/>
</kw>
<status status="FAIL" start="2024-04-26T20:44:12.199049" elapsed="84.917816">ConnectTimeout: HTTPSConnectionPool(host='qualitys-hunters.qacoders-academy.com.br', port=443): Max retries exceeded with url: /api/login (Caused by ConnectTimeoutError(&lt;urllib3.connection.HTTPSConnection object at 0x0000021BFEF883E0&gt;, 'Connection to qualitys-hunters.qacoders-academy.com.br timed out. (connect timeout=None)'))</status>
</kw>
<kw name="Criar Massa de dados para diretoria" owner="swagger_testes_recursos">
<status status="NOT RUN" start="2024-04-26T20:45:37.117868" elapsed="0.000000"/>
</kw>
<kw name="Criar diretoria" owner="swagger_testes_recursos">
<status status="NOT RUN" start="2024-04-26T20:45:37.118866" elapsed="0.000000"/>
</kw>
<kw name="Consultar os dados da Diretoria" owner="swagger_testes_recursos">
<status status="NOT RUN" start="2024-04-26T20:45:37.118866" elapsed="0.000000"/>
</kw>
<kw name="Conferir os dados retornados da Diretoria" owner="swagger_testes_recursos">
<status status="NOT RUN" start="2024-04-26T20:45:37.118866" elapsed="0.000000"/>
</kw>
<kw name="Listar diretoria" owner="swagger_testes_recursos">
<status status="NOT RUN" start="2024-04-26T20:45:37.119865" elapsed="0.000000"/>
</kw>
<kw name="Contagem de cadastro" owner="swagger_testes_recursos">
<status status="NOT RUN" start="2024-04-26T20:45:37.119865" elapsed="0.000000"/>
</kw>
<status status="FAIL" start="2024-04-26T20:44:12.196052" elapsed="84.923813">ConnectTimeout: HTTPSConnectionPool(host='qualitys-hunters.qacoders-academy.com.br', port=443): Max retries exceeded with url: /api/login (Caused by ConnectTimeoutError(&lt;urllib3.connection.HTTPSConnection object at 0x0000021BFEF883E0&gt;, 'Connection to qualitys-hunters.qacoders-academy.com.br timed out. (connect timeout=None)'))</status>
</test>
<status status="FAIL" start="2024-04-26T20:44:12.167071" elapsed="84.954794"/>
</suite>
<suite id="s1-s3" name="Post Swagger Test" source="G:\Meu Drive\Academy_2024\RobortFramework\APIQualitysHunters\TesteAPIQH\tests\post_swagger_test.robot">
<test id="s1-s3-t1" name="Cenário com POST: Cadastrar novo usuario" line="10">
<kw name="Criar sessão" owner="swagger_testes_recursos">
<kw name="Create Dictionary" owner="BuiltIn">
<msg time="2024-04-26T20:45:37.148786" level="INFO">${headers} = {'accept': 'application/json', 'Content-Type': 'application/json', 'Authorization': 'eyJhbGciOiJIUzI1NiIsInR5cCI6IkpXVCJ9.eyJfaWQiOiI2NTMzMDk5YWZhNzBkNTMwNzVjODFlZjQiLCJmdWxsTmFtZSI6IlFhLUNvZGVycy1TWV...</msg>
<var>${headers}</var>
<arg>accept=application/json</arg>
<arg>Content-Type=application/json</arg>
<arg>Authorization=${TOKEN}</arg>
<doc>Creates and returns a dictionary based on the given ``items``.</doc>
<status status="PASS" start="2024-04-26T20:45:37.148786" elapsed="0.000000"/>
</kw>
<kw name="Create Session" owner="RequestsLibrary">
<msg time="2024-04-26T20:45:37.149786" level="INFO">Creating Session using : alias=APISwagger, url=https://qualitys-hunters.qacoders-academy.com.br, headers={'accept': 'application/json', 'Content-Type': 'application/json', 'Authorization': 'eyJhbGciOiJIUzI1NiIsInR5cCI6IkpXVCJ9.eyJfaWQiOiI2NTMzMDk5YWZhNzBkNTMwNzVjODFlZjQiLCJmdWxsTmFtZSI6IlFhLUNvZGVycy1TWVNBRE1JTiIsIm1haWwiOiJzeXNhZG1pbkBxYWNvZGVycy5jb20iLCJwYXNzd29yZCI6IiQyYiQxMCRBVEd0US5ZMVB4a1VxNHJDS00zS2x1djl4TVJIUHU4Mkg4Ylo3ZFNFSVNxTHVQSlIuTEFuNiIsImFjY2Vzc1Byb2ZpbGUiOiJTWVNBRE1JTiIsImNwZiI6IjExMTExMTExMTExIiwic3RhdHVzIjp0cnVlLCJhdWRpdCI6W3sicmVnaXN0ZXJlZEJ5Ijp7InVzZXJJZCI6IjExMTExMTExMTExMTExMTExMSIsInVzZXJMb2dpbiI6InN5c2FkbWluQHFhY29kZXJzLmNvbSJ9LCJyZWdpc3RyYXRpb25EYXRlIjoic2V4dGEtZmVpcmEsIDIwLzEwLzIwMjMsIDIwOjEzOjI5IEJSVCIsInJlZ2lzdHJhdGlvbk51bWJlciI6IjAxIiwiY29tcGFueUlkIjoiUWEuQ29kZXJzIiwiX2lkIjoiNjUzMzA5OWFmYTcwZDUzMDc1YzgxZWY1In1dLCJfX3YiOjAsImlhdCI6MTcxMjI1MjY3NiwiZXhwIjoxNzEyMzM5MDc2fQ.s80hLFQ-InuCDIjnv2odxuDIq9t03A3bZ33SWMnL2m0'},                     cookies={}, auth=None, timeout=None, proxies=None, verify=False,                     debug=0 </msg>
<arg>alias=APISwagger</arg>
<arg>url=https://qualitys-hunters.qacoders-academy.com.br</arg>
<arg>headers=${headers}</arg>
<doc>Create Session: create a HTTP session to a server</doc>
<status status="PASS" start="2024-04-26T20:45:37.149786" elapsed="0.000000"/>
</kw>
<status status="PASS" start="2024-04-26T20:45:37.148786" elapsed="0.001000"/>
</kw>
<kw name="Entrar com usuario sysadmin" owner="swagger_testes_recursos">
<kw name="Create Dictionary" owner="BuiltIn">
<msg time="2024-04-26T20:45:37.150756" level="INFO">${body} = {'mail': 'sysadmin@qacoders.com', 'password': '1234@Test'}</msg>
<var>${body}</var>
<arg>mail=sysadmin@qacoders.com</arg>
<arg>password=1234@Test</arg>
<doc>Creates and returns a dictionary based on the given ``items``.</doc>
<status status="PASS" start="2024-04-26T20:45:37.150756" elapsed="0.000000"/>
</kw>
<kw name="Log" owner="BuiltIn">
<msg time="2024-04-26T20:45:37.151758" level="INFO">{'mail': 'sysadmin@qacoders.com', 'password': '1234@Test'}</msg>
<arg>${body}</arg>
<doc>Logs the given message with the given level.</doc>
<status status="PASS" start="2024-04-26T20:45:37.151758" elapsed="0.000000"/>
</kw>
<kw name="Criar sessão" owner="swagger_testes_recursos">
<kw name="Create Dictionary" owner="BuiltIn">
<msg time="2024-04-26T20:45:37.151758" level="INFO">${headers} = {'accept': 'application/json', 'Content-Type': 'application/json', 'Authorization': 'eyJhbGciOiJIUzI1NiIsInR5cCI6IkpXVCJ9.eyJfaWQiOiI2NTMzMDk5YWZhNzBkNTMwNzVjODFlZjQiLCJmdWxsTmFtZSI6IlFhLUNvZGVycy1TWV...</msg>
<var>${headers}</var>
<arg>accept=application/json</arg>
<arg>Content-Type=application/json</arg>
<arg>Authorization=${TOKEN}</arg>
<doc>Creates and returns a dictionary based on the given ``items``.</doc>
<status status="PASS" start="2024-04-26T20:45:37.151758" elapsed="0.000000"/>
</kw>
<kw name="Create Session" owner="RequestsLibrary">
<msg time="2024-04-26T20:45:37.152757" level="INFO">Creating Session using : alias=APISwagger, url=https://qualitys-hunters.qacoders-academy.com.br, headers={'accept': 'application/json', 'Content-Type': 'application/json', 'Authorization': 'eyJhbGciOiJIUzI1NiIsInR5cCI6IkpXVCJ9.eyJfaWQiOiI2NTMzMDk5YWZhNzBkNTMwNzVjODFlZjQiLCJmdWxsTmFtZSI6IlFhLUNvZGVycy1TWVNBRE1JTiIsIm1haWwiOiJzeXNhZG1pbkBxYWNvZGVycy5jb20iLCJwYXNzd29yZCI6IiQyYiQxMCRBVEd0US5ZMVB4a1VxNHJDS00zS2x1djl4TVJIUHU4Mkg4Ylo3ZFNFSVNxTHVQSlIuTEFuNiIsImFjY2Vzc1Byb2ZpbGUiOiJTWVNBRE1JTiIsImNwZiI6IjExMTExMTExMTExIiwic3RhdHVzIjp0cnVlLCJhdWRpdCI6W3sicmVnaXN0ZXJlZEJ5Ijp7InVzZXJJZCI6IjExMTExMTExMTExMTExMTExMSIsInVzZXJMb2dpbiI6InN5c2FkbWluQHFhY29kZXJzLmNvbSJ9LCJyZWdpc3RyYXRpb25EYXRlIjoic2V4dGEtZmVpcmEsIDIwLzEwLzIwMjMsIDIwOjEzOjI5IEJSVCIsInJlZ2lzdHJhdGlvbk51bWJlciI6IjAxIiwiY29tcGFueUlkIjoiUWEuQ29kZXJzIiwiX2lkIjoiNjUzMzA5OWFmYTcwZDUzMDc1YzgxZWY1In1dLCJfX3YiOjAsImlhdCI6MTcxMjI1MjY3NiwiZXhwIjoxNzEyMzM5MDc2fQ.s80hLFQ-InuCDIjnv2odxuDIq9t03A3bZ33SWMnL2m0'},                     cookies={}, auth=None, timeout=None, proxies=None, verify=False,                     debug=0 </msg>
<arg>alias=APISwagger</arg>
<arg>url=https://qualitys-hunters.qacoders-academy.com.br</arg>
<arg>headers=${headers}</arg>
<doc>Create Session: create a HTTP session to a server</doc>
<status status="PASS" start="2024-04-26T20:45:37.152757" elapsed="0.000000"/>
</kw>
<status status="PASS" start="2024-04-26T20:45:37.151758" elapsed="0.002001"/>
</kw>
<kw name="POST On Session" owner="RequestsLibrary">
<msg time="2024-04-26T20:45:58.232701" level="WARN">Retrying (RetryAdapter(total=2, connect=None, read=None, redirect=None, status=None)) after connection broken by 'ConnectTimeoutError(&lt;urllib3.connection.HTTPSConnection object at 0x0000021BFEFB6F60&gt;, 'Connection to qualitys-hunters.qacoders-academy.com.br timed out. (connect timeout=None)')': /api/login</msg>
<msg time="2024-04-26T20:46:19.497525" level="WARN">Retrying (RetryAdapter(total=1, connect=None, read=None, redirect=None, status=None)) after connection broken by 'ConnectTimeoutError(&lt;urllib3.connection.HTTPSConnection object at 0x0000021BFE416120&gt;, 'Connection to qualitys-hunters.qacoders-academy.com.br timed out. (connect timeout=None)')': /api/login</msg>
<msg time="2024-04-26T20:46:40.967498" level="WARN">Retrying (RetryAdapter(total=0, connect=None, read=None, redirect=None, status=None)) after connection broken by 'ConnectTimeoutError(&lt;urllib3.connection.HTTPSConnection object at 0x0000021BFEF013D0&gt;, 'Connection to qualitys-hunters.qacoders-academy.com.br timed out. (connect timeout=None)')': /api/login</msg>
<msg time="2024-04-26T20:47:02.024066" level="FAIL">ConnectTimeout: HTTPSConnectionPool(host='qualitys-hunters.qacoders-academy.com.br', port=443): Max retries exceeded with url: /api/login (Caused by ConnectTimeoutError(&lt;urllib3.connection.HTTPSConnection object at 0x0000021BFEF88BC0&gt;, 'Connection to qualitys-hunters.qacoders-academy.com.br timed out. (connect timeout=None)'))</msg>
<var>${resposta}</var>
<arg>alias=APISwagger</arg>
<arg>url=/api/login</arg>
<arg>json=${body}</arg>
<doc>Sends a POST request on a previously created HTTP Session.</doc>
<status status="FAIL" start="2024-04-26T20:45:37.153759" elapsed="84.876300">ConnectTimeout: HTTPSConnectionPool(host='qualitys-hunters.qacoders-academy.com.br', port=443): Max retries exceeded with url: /api/login (Caused by ConnectTimeoutError(&lt;urllib3.connection.HTTPSConnection object at 0x0000021BFEF88BC0&gt;, 'Connection to qualitys-hunters.qacoders-academy.com.br timed out. (connect timeout=None)'))</status>
</kw>
<kw name="Log" owner="BuiltIn">
<arg>${resposta.json()}</arg>
<doc>Logs the given message with the given level.</doc>
<status status="NOT RUN" start="2024-04-26T20:47:02.030059" elapsed="0.000000"/>
</kw>
<kw name="Set Test Variable" owner="BuiltIn">
<arg>${TOKEN}</arg>
<arg>${resposta.json()["token"]}</arg>
<doc>Makes a variable available everywhere within the scope of the current test.</doc>
<status status="NOT RUN" start="2024-04-26T20:47:02.031059" elapsed="0.000000"/>
</kw>
<status status="FAIL" start="2024-04-26T20:45:37.150756" elapsed="84.880303">ConnectTimeout: HTTPSConnectionPool(host='qualitys-hunters.qacoders-academy.com.br', port=443): Max retries exceeded with url: /api/login (Caused by ConnectTimeoutError(&lt;urllib3.connection.HTTPSConnection object at 0x0000021BFEF88BC0&gt;, 'Connection to qualitys-hunters.qacoders-academy.com.br timed out. (connect timeout=None)'))</status>
</kw>
<kw name="Criar login de usuario" owner="swagger_testes_recursos">
<status status="NOT RUN" start="2024-04-26T20:47:02.032058" elapsed="0.000000"/>
</kw>
<kw name="Cadastrar usuario" owner="swagger_testes_recursos">
<status status="NOT RUN" start="2024-04-26T20:47:02.033059" elapsed="0.000000"/>
</kw>
<kw name="Conferir se este usuario foi cadastrado corretamente" owner="swagger_testes_recursos">
<status status="NOT RUN" start="2024-04-26T20:47:02.033059" elapsed="0.000000"/>
</kw>
<kw name="Validar o token e gravar no header de autorização" owner="swagger_testes_recursos">
<status status="NOT RUN" start="2024-04-26T20:47:02.034058" elapsed="0.000000"/>
</kw>
<status status="FAIL" start="2024-04-26T20:45:37.147779" elapsed="84.886279">ConnectTimeout: HTTPSConnectionPool(host='qualitys-hunters.qacoders-academy.com.br', port=443): Max retries exceeded with url: /api/login (Caused by ConnectTimeoutError(&lt;urllib3.connection.HTTPSConnection object at 0x0000021BFEF88BC0&gt;, 'Connection to qualitys-hunters.qacoders-academy.com.br timed out. (connect timeout=None)'))</status>
</test>
<test id="s1-s3-t2" name="Cenário com POST: Cadastrar nova Diretoria" line="19">
<kw name="Criar sessão" owner="swagger_testes_recursos">
<kw name="Create Dictionary" owner="BuiltIn">
<msg time="2024-04-26T20:47:02.037055" level="INFO">${headers} = {'accept': 'application/json', 'Content-Type': 'application/json', 'Authorization': 'eyJhbGciOiJIUzI1NiIsInR5cCI6IkpXVCJ9.eyJfaWQiOiI2NTMzMDk5YWZhNzBkNTMwNzVjODFlZjQiLCJmdWxsTmFtZSI6IlFhLUNvZGVycy1TWV...</msg>
<var>${headers}</var>
<arg>accept=application/json</arg>
<arg>Content-Type=application/json</arg>
<arg>Authorization=${TOKEN}</arg>
<doc>Creates and returns a dictionary based on the given ``items``.</doc>
<status status="PASS" start="2024-04-26T20:47:02.037055" elapsed="0.000000"/>
</kw>
<kw name="Create Session" owner="RequestsLibrary">
<msg time="2024-04-26T20:47:02.038053" level="INFO">Creating Session using : alias=APISwagger, url=https://qualitys-hunters.qacoders-academy.com.br, headers={'accept': 'application/json', 'Content-Type': 'application/json', 'Authorization': 'eyJhbGciOiJIUzI1NiIsInR5cCI6IkpXVCJ9.eyJfaWQiOiI2NTMzMDk5YWZhNzBkNTMwNzVjODFlZjQiLCJmdWxsTmFtZSI6IlFhLUNvZGVycy1TWVNBRE1JTiIsIm1haWwiOiJzeXNhZG1pbkBxYWNvZGVycy5jb20iLCJwYXNzd29yZCI6IiQyYiQxMCRBVEd0US5ZMVB4a1VxNHJDS00zS2x1djl4TVJIUHU4Mkg4Ylo3ZFNFSVNxTHVQSlIuTEFuNiIsImFjY2Vzc1Byb2ZpbGUiOiJTWVNBRE1JTiIsImNwZiI6IjExMTExMTExMTExIiwic3RhdHVzIjp0cnVlLCJhdWRpdCI6W3sicmVnaXN0ZXJlZEJ5Ijp7InVzZXJJZCI6IjExMTExMTExMTExMTExMTExMSIsInVzZXJMb2dpbiI6InN5c2FkbWluQHFhY29kZXJzLmNvbSJ9LCJyZWdpc3RyYXRpb25EYXRlIjoic2V4dGEtZmVpcmEsIDIwLzEwLzIwMjMsIDIwOjEzOjI5IEJSVCIsInJlZ2lzdHJhdGlvbk51bWJlciI6IjAxIiwiY29tcGFueUlkIjoiUWEuQ29kZXJzIiwiX2lkIjoiNjUzMzA5OWFmYTcwZDUzMDc1YzgxZWY1In1dLCJfX3YiOjAsImlhdCI6MTcxMjI1MjY3NiwiZXhwIjoxNzEyMzM5MDc2fQ.s80hLFQ-InuCDIjnv2odxuDIq9t03A3bZ33SWMnL2m0'},                     cookies={}, auth=None, timeout=None, proxies=None, verify=False,                     debug=0 </msg>
<arg>alias=APISwagger</arg>
<arg>url=https://qualitys-hunters.qacoders-academy.com.br</arg>
<arg>headers=${headers}</arg>
<doc>Create Session: create a HTTP session to a server</doc>
<status status="PASS" start="2024-04-26T20:47:02.037055" elapsed="0.000998"/>
</kw>
<status status="PASS" start="2024-04-26T20:47:02.037055" elapsed="0.001998"/>
</kw>
<kw name="Criar Massa de dados para diretoria" owner="swagger_testes_recursos">
<kw name="Generate Random String" owner="String">
<msg time="2024-04-26T20:47:02.040056" level="INFO">${palavra_randomica} = ZwqdXCBM</msg>
<var>${palavra_randomica}</var>
<arg>length=8</arg>
<arg>chars=[LETTERS]</arg>
<doc>Generates a string with a desired ``length`` from the given ``chars``.</doc>
<status status="PASS" start="2024-04-26T20:47:02.040056" elapsed="0.000997"/>
</kw>
<kw name="Convert To Lower Case" owner="String">
<msg time="2024-04-26T20:47:02.042052" level="INFO">${palavra_randomica} = zwqdxcbm</msg>
<var>${palavra_randomica}</var>
<arg>${palavra_randomica}</arg>
<doc>Converts string to lower case.</doc>
<status status="PASS" start="2024-04-26T20:47:02.041053" elapsed="0.000999"/>
</kw>
<kw name="Set Test Variable" owner="BuiltIn">
<msg time="2024-04-26T20:47:02.045050" level="INFO">${BOARD_NAME} = zwqdxcbm</msg>
<arg>${BOARD_NAME}</arg>
<arg>${palavra_randomica}</arg>
<doc>Makes a variable available everywhere within the scope of the current test.</doc>
<status status="PASS" start="2024-04-26T20:47:02.043053" elapsed="0.001997"/>
</kw>
<kw name="Log" owner="BuiltIn">
<msg time="2024-04-26T20:47:02.045050" level="INFO">zwqdxcbm</msg>
<arg>${BOARD_NAME}</arg>
<doc>Logs the given message with the given level.</doc>
<status status="PASS" start="2024-04-26T20:47:02.045050" elapsed="0.000000"/>
</kw>
<status status="PASS" start="2024-04-26T20:47:02.039053" elapsed="0.005997"/>
</kw>
<kw name="Criar diretoria" owner="swagger_testes_recursos">
<kw name="Create Dictionary" owner="BuiltIn">
<msg time="2024-04-26T20:47:02.047048" level="INFO">${headers} = {'Authorization': 'eyJhbGciOiJIUzI1NiIsInR5cCI6IkpXVCJ9.eyJfaWQiOiI2NTMzMDk5YWZhNzBkNTMwNzVjODFlZjQiLCJmdWxsTmFtZSI6IlFhLUNvZGVycy1TWVNBRE1JTiIsIm1haWwiOiJzeXNhZG1pbkBxYWNvZGVycy5jb20iLCJwYXNzd29yZCI6...</msg>
<var>${headers}</var>
<arg>Authorization=${TOKEN}</arg>
<doc>Creates and returns a dictionary based on the given ``items``.</doc>
<status status="PASS" start="2024-04-26T20:47:02.047048" elapsed="0.001000"/>
</kw>
<kw name="Create Dictionary" owner="BuiltIn">
<msg time="2024-04-26T20:47:02.048048" level="INFO">${body} = {'boardName': ''}</msg>
<var>${body}</var>
<arg>boardName=</arg>
<doc>Creates and returns a dictionary based on the given ``items``.</doc>
<status status="PASS" start="2024-04-26T20:47:02.048048" elapsed="0.000000"/>
</kw>
<kw name="Log" owner="BuiltIn">
<msg time="2024-04-26T20:47:02.049050" level="INFO">{'boardName': ''}</msg>
<arg>${body}</arg>
<doc>Logs the given message with the given level.</doc>
<status status="PASS" start="2024-04-26T20:47:02.048048" elapsed="0.001002"/>
</kw>
<kw name="Criar sessão" owner="swagger_testes_recursos">
<kw name="Create Dictionary" owner="BuiltIn">
<msg time="2024-04-26T20:47:02.049050" level="INFO">${headers} = {'accept': 'application/json', 'Content-Type': 'application/json', 'Authorization': 'eyJhbGciOiJIUzI1NiIsInR5cCI6IkpXVCJ9.eyJfaWQiOiI2NTMzMDk5YWZhNzBkNTMwNzVjODFlZjQiLCJmdWxsTmFtZSI6IlFhLUNvZGVycy1TWV...</msg>
<var>${headers}</var>
<arg>accept=application/json</arg>
<arg>Content-Type=application/json</arg>
<arg>Authorization=${TOKEN}</arg>
<doc>Creates and returns a dictionary based on the given ``items``.</doc>
<status status="PASS" start="2024-04-26T20:47:02.049050" elapsed="0.000998"/>
</kw>
<kw name="Create Session" owner="RequestsLibrary">
<msg time="2024-04-26T20:47:02.050048" level="INFO">Creating Session using : alias=APISwagger, url=https://qualitys-hunters.qacoders-academy.com.br, headers={'accept': 'application/json', 'Content-Type': 'application/json', 'Authorization': 'eyJhbGciOiJIUzI1NiIsInR5cCI6IkpXVCJ9.eyJfaWQiOiI2NTMzMDk5YWZhNzBkNTMwNzVjODFlZjQiLCJmdWxsTmFtZSI6IlFhLUNvZGVycy1TWVNBRE1JTiIsIm1haWwiOiJzeXNhZG1pbkBxYWNvZGVycy5jb20iLCJwYXNzd29yZCI6IiQyYiQxMCRBVEd0US5ZMVB4a1VxNHJDS00zS2x1djl4TVJIUHU4Mkg4Ylo3ZFNFSVNxTHVQSlIuTEFuNiIsImFjY2Vzc1Byb2ZpbGUiOiJTWVNBRE1JTiIsImNwZiI6IjExMTExMTExMTExIiwic3RhdHVzIjp0cnVlLCJhdWRpdCI6W3sicmVnaXN0ZXJlZEJ5Ijp7InVzZXJJZCI6IjExMTExMTExMTExMTExMTExMSIsInVzZXJMb2dpbiI6InN5c2FkbWluQHFhY29kZXJzLmNvbSJ9LCJyZWdpc3RyYXRpb25EYXRlIjoic2V4dGEtZmVpcmEsIDIwLzEwLzIwMjMsIDIwOjEzOjI5IEJSVCIsInJlZ2lzdHJhdGlvbk51bWJlciI6IjAxIiwiY29tcGFueUlkIjoiUWEuQ29kZXJzIiwiX2lkIjoiNjUzMzA5OWFmYTcwZDUzMDc1YzgxZWY1In1dLCJfX3YiOjAsImlhdCI6MTcxMjI1MjY3NiwiZXhwIjoxNzEyMzM5MDc2fQ.s80hLFQ-InuCDIjnv2odxuDIq9t03A3bZ33SWMnL2m0'},                     cookies={}, auth=None, timeout=None, proxies=None, verify=False,                     debug=0 </msg>
<arg>alias=APISwagger</arg>
<arg>url=https://qualitys-hunters.qacoders-academy.com.br</arg>
<arg>headers=${headers}</arg>
<doc>Create Session: create a HTTP session to a server</doc>
<status status="PASS" start="2024-04-26T20:47:02.050048" elapsed="0.000000"/>
</kw>
<status status="PASS" start="2024-04-26T20:47:02.049050" elapsed="0.000998"/>
</kw>
<kw name="POST On Session" owner="RequestsLibrary">
<msg time="2024-04-26T20:47:23.124808" level="WARN">Retrying (RetryAdapter(total=2, connect=None, read=None, redirect=None, status=None)) after connection broken by 'ConnectTimeoutError(&lt;urllib3.connection.HTTPSConnection object at 0x0000021BFEFDCA40&gt;, 'Connection to qualitys-hunters.qacoders-academy.com.br timed out. (connect timeout=None)')': /api/board</msg>
<msg time="2024-04-26T20:47:44.397076" level="WARN">Retrying (RetryAdapter(total=1, connect=None, read=None, redirect=None, status=None)) after connection broken by 'ConnectTimeoutError(&lt;urllib3.connection.HTTPSConnection object at 0x0000021BFEFDCCE0&gt;, 'Connection to qualitys-hunters.qacoders-academy.com.br timed out. (connect timeout=None)')': /api/board</msg>
<msg time="2024-04-26T20:48:05.851038" level="WARN">Retrying (RetryAdapter(total=0, connect=None, read=None, redirect=None, status=None)) after connection broken by 'ConnectTimeoutError(&lt;urllib3.connection.HTTPSConnection object at 0x0000021BFEFDCEC0&gt;, 'Connection to qualitys-hunters.qacoders-academy.com.br timed out. (connect timeout=None)')': /api/board</msg>
<msg time="2024-04-26T20:48:26.924106" level="FAIL">ConnectTimeout: HTTPSConnectionPool(host='qualitys-hunters.qacoders-academy.com.br', port=443): Max retries exceeded with url: /api/board (Caused by ConnectTimeoutError(&lt;urllib3.connection.HTTPSConnection object at 0x0000021BFEFDD130&gt;, 'Connection to qualitys-hunters.qacoders-academy.com.br timed out. (connect timeout=None)'))</msg>
<var>${resposta}</var>
<arg>alias=APISwagger</arg>
<arg>url=/api/board</arg>
<arg>json=${body}</arg>
<doc>Sends a POST request on a previously created HTTP Session.</doc>
<status status="FAIL" start="2024-04-26T20:47:02.050048" elapsed="84.877060">ConnectTimeout: HTTPSConnectionPool(host='qualitys-hunters.qacoders-academy.com.br', port=443): Max retries exceeded with url: /api/board (Caused by ConnectTimeoutError(&lt;urllib3.connection.HTTPSConnection object at 0x0000021BFEFDD130&gt;, 'Connection to qualitys-hunters.qacoders-academy.com.br timed out. (connect timeout=None)'))</status>
</kw>
<kw name="Log" owner="BuiltIn">
<arg>${resposta.json()}</arg>
<doc>Logs the given message with the given level.</doc>
<status status="NOT RUN" start="2024-04-26T20:48:26.927108" elapsed="0.000000"/>
</kw>
<kw name="Set Test Variable" owner="BuiltIn">
<arg>${BOARD_NAME}</arg>
<arg>${resposta.json()['newBoard']['_id']}</arg>
<doc>Makes a variable available everywhere within the scope of the current test.</doc>
<status status="NOT RUN" start="2024-04-26T20:48:26.927108" elapsed="0.000000"/>
</kw>
<kw name="Set Test Variable" owner="BuiltIn">
<arg>${RESPOSTA}</arg>
<arg>${resposta.json()}</arg>
<doc>Makes a variable available everywhere within the scope of the current test.</doc>
<status status="NOT RUN" start="2024-04-26T20:48:26.927108" elapsed="0.000000"/>
</kw>
<kw>
<var>${resposta}</var>
<var>${resposta['expected_status']['400']}</var>
<status status="NOT RUN" start="2024-04-26T20:48:26.928106" elapsed="0.000000"/>
</kw>
<status status="FAIL" start="2024-04-26T20:47:02.046050" elapsed="84.882056">ConnectTimeout: HTTPSConnectionPool(host='qualitys-hunters.qacoders-academy.com.br', port=443): Max retries exceeded with url: /api/board (Caused by ConnectTimeoutError(&lt;urllib3.connection.HTTPSConnection object at 0x0000021BFEFDD130&gt;, 'Connection to qualitys-hunters.qacoders-academy.com.br timed out. (connect timeout=None)'))</status>
</kw>
<kw name="Conferir se diretoria foi cadastrado corretamente" owner="swagger_testes_recursos">
<status status="NOT RUN" start="2024-04-26T20:48:26.928106" elapsed="0.000000"/>
</kw>
<status status="FAIL" start="2024-04-26T20:47:02.036055" elapsed="84.893051">ConnectTimeout: HTTPSConnectionPool(host='qualitys-hunters.qacoders-academy.com.br', port=443): Max retries exceeded with url: /api/board (Caused by ConnectTimeoutError(&lt;urllib3.connection.HTTPSConnection object at 0x0000021BFEFDD130&gt;, 'Connection to qualitys-hunters.qacoders-academy.com.br timed out. (connect timeout=None)'))</status>
</test>
<test id="s1-s3-t3" name="Cenário com POST: Cadastrar novo centro de custo" line="34">
<kw name="Criar sessão" owner="swagger_testes_recursos">
<kw name="Create Dictionary" owner="BuiltIn">
<msg time="2024-04-26T20:48:26.932106" level="INFO">${headers} = {'accept': 'application/json', 'Content-Type': 'application/json', 'Authorization': 'eyJhbGciOiJIUzI1NiIsInR5cCI6IkpXVCJ9.eyJfaWQiOiI2NTMzMDk5YWZhNzBkNTMwNzVjODFlZjQiLCJmdWxsTmFtZSI6IlFhLUNvZGVycy1TWV...</msg>
<var>${headers}</var>
<arg>accept=application/json</arg>
<arg>Content-Type=application/json</arg>
<arg>Authorization=${TOKEN}</arg>
<doc>Creates and returns a dictionary based on the given ``items``.</doc>
<status status="PASS" start="2024-04-26T20:48:26.931105" elapsed="0.001001"/>
</kw>
<kw name="Create Session" owner="RequestsLibrary">
<msg time="2024-04-26T20:48:26.933104" level="INFO">Creating Session using : alias=APISwagger, url=https://qualitys-hunters.qacoders-academy.com.br, headers={'accept': 'application/json', 'Content-Type': 'application/json', 'Authorization': 'eyJhbGciOiJIUzI1NiIsInR5cCI6IkpXVCJ9.eyJfaWQiOiI2NTMzMDk5YWZhNzBkNTMwNzVjODFlZjQiLCJmdWxsTmFtZSI6IlFhLUNvZGVycy1TWVNBRE1JTiIsIm1haWwiOiJzeXNhZG1pbkBxYWNvZGVycy5jb20iLCJwYXNzd29yZCI6IiQyYiQxMCRBVEd0US5ZMVB4a1VxNHJDS00zS2x1djl4TVJIUHU4Mkg4Ylo3ZFNFSVNxTHVQSlIuTEFuNiIsImFjY2Vzc1Byb2ZpbGUiOiJTWVNBRE1JTiIsImNwZiI6IjExMTExMTExMTExIiwic3RhdHVzIjp0cnVlLCJhdWRpdCI6W3sicmVnaXN0ZXJlZEJ5Ijp7InVzZXJJZCI6IjExMTExMTExMTExMTExMTExMSIsInVzZXJMb2dpbiI6InN5c2FkbWluQHFhY29kZXJzLmNvbSJ9LCJyZWdpc3RyYXRpb25EYXRlIjoic2V4dGEtZmVpcmEsIDIwLzEwLzIwMjMsIDIwOjEzOjI5IEJSVCIsInJlZ2lzdHJhdGlvbk51bWJlciI6IjAxIiwiY29tcGFueUlkIjoiUWEuQ29kZXJzIiwiX2lkIjoiNjUzMzA5OWFmYTcwZDUzMDc1YzgxZWY1In1dLCJfX3YiOjAsImlhdCI6MTcxMjI1MjY3NiwiZXhwIjoxNzEyMzM5MDc2fQ.s80hLFQ-InuCDIjnv2odxuDIq9t03A3bZ33SWMnL2m0'},                     cookies={}, auth=None, timeout=None, proxies=None, verify=False,                     debug=0 </msg>
<arg>alias=APISwagger</arg>
<arg>url=https://qualitys-hunters.qacoders-academy.com.br</arg>
<arg>headers=${headers}</arg>
<doc>Create Session: create a HTTP session to a server</doc>
<status status="PASS" start="2024-04-26T20:48:26.932106" elapsed="0.000998"/>
</kw>
<status status="PASS" start="2024-04-26T20:48:26.930106" elapsed="0.002998"/>
</kw>
<kw name="Criar Centro de Custo" owner="swagger_testes_recursos">
<kw name="Create Dictionary" owner="BuiltIn">
<msg time="2024-04-26T20:48:26.936973" level="INFO">${headers} = {'accept': 'application/json', 'Authorization': 'eyJhbGciOiJIUzI1NiIsInR5cCI6IkpXVCJ9.eyJfaWQiOiI2NTMzMDk5YWZhNzBkNTMwNzVjODFlZjQiLCJmdWxsTmFtZSI6IlFhLUNvZGVycy1TWVNBRE1JTiIsIm1haWwiOiJzeXNhZG1pbkBxYW...</msg>
<var>${headers}</var>
<arg>accept=application/json</arg>
<arg>Authorization=${TOKEN}</arg>
<doc>Creates and returns a dictionary based on the given ``items``.</doc>
<status status="PASS" start="2024-04-26T20:48:26.934103" elapsed="0.002870"/>
</kw>
<kw name="Create Dictionary" owner="BuiltIn">
<msg time="2024-04-26T20:48:26.936973" level="INFO">${body} = {'costCentername': 'aDminiStrAcAo', 'boardId': '74e51673d94be9062773f6dc'}</msg>
<var>${body}</var>
<arg>costCentername=aDminiStrAcAo</arg>
<arg>boardId=74e51673d94be9062773f6dc</arg>
<doc>Creates and returns a dictionary based on the given ``items``.</doc>
<status status="PASS" start="2024-04-26T20:48:26.936973" elapsed="0.000000"/>
</kw>
<kw name="Log" owner="BuiltIn">
<msg time="2024-04-26T20:48:26.937975" level="INFO">{'costCentername': 'aDminiStrAcAo', 'boardId': '74e51673d94be9062773f6dc'}</msg>
<arg>${body}</arg>
<doc>Logs the given message with the given level.</doc>
<status status="PASS" start="2024-04-26T20:48:26.937975" elapsed="0.000000"/>
</kw>
<kw name="Criar sessão" owner="swagger_testes_recursos">
<kw name="Create Dictionary" owner="BuiltIn">
<msg time="2024-04-26T20:48:26.937975" level="INFO">${headers} = {'accept': 'application/json', 'Content-Type': 'application/json', 'Authorization': 'eyJhbGciOiJIUzI1NiIsInR5cCI6IkpXVCJ9.eyJfaWQiOiI2NTMzMDk5YWZhNzBkNTMwNzVjODFlZjQiLCJmdWxsTmFtZSI6IlFhLUNvZGVycy1TWV...</msg>
<var>${headers}</var>
<arg>accept=application/json</arg>
<arg>Content-Type=application/json</arg>
<arg>Authorization=${TOKEN}</arg>
<doc>Creates and returns a dictionary based on the given ``items``.</doc>
<status status="PASS" start="2024-04-26T20:48:26.937975" elapsed="0.000999"/>
</kw>
<kw name="Create Session" owner="RequestsLibrary">
<msg time="2024-04-26T20:48:26.938974" level="INFO">Creating Session using : alias=APISwagger, url=https://qualitys-hunters.qacoders-academy.com.br, headers={'accept': 'application/json', 'Content-Type': 'application/json', 'Authorization': 'eyJhbGciOiJIUzI1NiIsInR5cCI6IkpXVCJ9.eyJfaWQiOiI2NTMzMDk5YWZhNzBkNTMwNzVjODFlZjQiLCJmdWxsTmFtZSI6IlFhLUNvZGVycy1TWVNBRE1JTiIsIm1haWwiOiJzeXNhZG1pbkBxYWNvZGVycy5jb20iLCJwYXNzd29yZCI6IiQyYiQxMCRBVEd0US5ZMVB4a1VxNHJDS00zS2x1djl4TVJIUHU4Mkg4Ylo3ZFNFSVNxTHVQSlIuTEFuNiIsImFjY2Vzc1Byb2ZpbGUiOiJTWVNBRE1JTiIsImNwZiI6IjExMTExMTExMTExIiwic3RhdHVzIjp0cnVlLCJhdWRpdCI6W3sicmVnaXN0ZXJlZEJ5Ijp7InVzZXJJZCI6IjExMTExMTExMTExMTExMTExMSIsInVzZXJMb2dpbiI6InN5c2FkbWluQHFhY29kZXJzLmNvbSJ9LCJyZWdpc3RyYXRpb25EYXRlIjoic2V4dGEtZmVpcmEsIDIwLzEwLzIwMjMsIDIwOjEzOjI5IEJSVCIsInJlZ2lzdHJhdGlvbk51bWJlciI6IjAxIiwiY29tcGFueUlkIjoiUWEuQ29kZXJzIiwiX2lkIjoiNjUzMzA5OWFmYTcwZDUzMDc1YzgxZWY1In1dLCJfX3YiOjAsImlhdCI6MTcxMjI1MjY3NiwiZXhwIjoxNzEyMzM5MDc2fQ.s80hLFQ-InuCDIjnv2odxuDIq9t03A3bZ33SWMnL2m0'},                     cookies={}, auth=None, timeout=None, proxies=None, verify=False,                     debug=0 </msg>
<arg>alias=APISwagger</arg>
<arg>url=https://qualitys-hunters.qacoders-academy.com.br</arg>
<arg>headers=${headers}</arg>
<doc>Create Session: create a HTTP session to a server</doc>
<status status="PASS" start="2024-04-26T20:48:26.938974" elapsed="0.000000"/>
</kw>
<status status="PASS" start="2024-04-26T20:48:26.937975" elapsed="0.000999"/>
</kw>
<kw name="POST On Session" owner="RequestsLibrary">
<msg time="2024-04-26T20:48:48.023947" level="WARN">Retrying (RetryAdapter(total=2, connect=None, read=None, redirect=None, status=None)) after connection broken by 'ConnectTimeoutError(&lt;urllib3.connection.HTTPSConnection object at 0x0000021BFEF8A810&gt;, 'Connection to qualitys-hunters.qacoders-academy.com.br timed out. (connect timeout=None)')': /api/costCenter/</msg>
<msg time="2024-04-26T20:49:09.296137" level="WARN">Retrying (RetryAdapter(total=1, connect=None, read=None, redirect=None, status=None)) after connection broken by 'ConnectTimeoutError(&lt;urllib3.connection.HTTPSConnection object at 0x0000021BFEF88FB0&gt;, 'Connection to qualitys-hunters.qacoders-academy.com.br timed out. (connect timeout=None)')': /api/costCenter/</msg>
<msg time="2024-04-26T20:49:30.768857" level="WARN">Retrying (RetryAdapter(total=0, connect=None, read=None, redirect=None, status=None)) after connection broken by 'ConnectTimeoutError(&lt;urllib3.connection.HTTPSConnection object at 0x0000021BFEF8A9F0&gt;, 'Connection to qualitys-hunters.qacoders-academy.com.br timed out. (connect timeout=None)')': /api/costCenter/</msg>
<msg time="2024-04-26T20:49:51.836303" level="FAIL">ConnectTimeout: HTTPSConnectionPool(host='qualitys-hunters.qacoders-academy.com.br', port=443): Max retries exceeded with url: /api/costCenter/ (Caused by ConnectTimeoutError(&lt;urllib3.connection.HTTPSConnection object at 0x0000021BFEF8A600&gt;, 'Connection to qualitys-hunters.qacoders-academy.com.br timed out. (connect timeout=None)'))</msg>
<var>${resposta}</var>
<arg>alias=APISwagger</arg>
<arg>url=/api/costCenter/</arg>
<arg>json=${body}</arg>
<doc>Sends a POST request on a previously created HTTP Session.</doc>
<status status="FAIL" start="2024-04-26T20:48:26.938974" elapsed="84.904325">ConnectTimeout: HTTPSConnectionPool(host='qualitys-hunters.qacoders-academy.com.br', port=443): Max retries exceeded with url: /api/costCenter/ (Caused by ConnectTimeoutError(&lt;urllib3.connection.HTTPSConnection object at 0x0000021BFEF8A600&gt;, 'Connection to qualitys-hunters.qacoders-academy.com.br timed out. (connect timeout=None)'))</status>
</kw>
<kw name="Log" owner="BuiltIn">
<arg>${resposta.json()}</arg>
<doc>Logs the given message with the given level.</doc>
<status status="NOT RUN" start="2024-04-26T20:49:51.844298" elapsed="0.000000"/>
</kw>
<kw name="Set Test Variable" owner="BuiltIn">
<arg>${ID_BOARD}</arg>
<arg>${resposta.json()['newCostCenter']['_id']}</arg>
<doc>Makes a variable available everywhere within the scope of the current test.</doc>
<status status="NOT RUN" start="2024-04-26T20:49:51.844298" elapsed="0.000000"/>
</kw>
<kw name="Set Test Variable" owner="BuiltIn">
<arg>${RESPOSTA}</arg>
<arg>${resposta.json()}</arg>
<doc>Makes a variable available everywhere within the scope of the current test.</doc>
<status status="NOT RUN" start="2024-04-26T20:49:51.844298" elapsed="0.000999"/>
</kw>
<status status="FAIL" start="2024-04-26T20:48:26.933104" elapsed="84.913194">ConnectTimeout: HTTPSConnectionPool(host='qualitys-hunters.qacoders-academy.com.br', port=443): Max retries exceeded with url: /api/costCenter/ (Caused by ConnectTimeoutError(&lt;urllib3.connection.HTTPSConnection object at 0x0000021BFEF8A600&gt;, 'Connection to qualitys-hunters.qacoders-academy.com.br timed out. (connect timeout=None)'))</status>
</kw>
<kw name="Conferir se o centro de custo foi cadastrado corretamente" owner="swagger_testes_recursos">
<status status="NOT RUN" start="2024-04-26T20:49:51.847296" elapsed="0.000000"/>
</kw>
<status status="FAIL" start="2024-04-26T20:48:26.930106" elapsed="84.918347">ConnectTimeout: HTTPSConnectionPool(host='qualitys-hunters.qacoders-academy.com.br', port=443): Max retries exceeded with url: /api/costCenter/ (Caused by ConnectTimeoutError(&lt;urllib3.connection.HTTPSConnection object at 0x0000021BFEF8A600&gt;, 'Connection to qualitys-hunters.qacoders-academy.com.br timed out. (connect timeout=None)'))</status>
</test>
<test id="s1-s3-t4" name="Cenário com POST: Cadastrar novo departamento sucesso" line="41">
<kw name="Cadastrar o novo departamento criado" owner="swagger_testes_recursos">
<kw name="Create Dictionary" owner="BuiltIn">
<msg time="2024-04-26T20:49:51.855282" level="INFO">${headers} = {'Authorization': 'eyJhbGciOiJIUzI1NiIsInR5cCI6IkpXVCJ9.eyJfaWQiOiI2NTMzMDk5YWZhNzBkNTMwNzVjODFlZjQiLCJmdWxsTmFtZSI6IlFhLUNvZGVycy1TWVNBRE1JTiIsIm1haWwiOiJzeXNhZG1pbkBxYWNvZGVycy5jb20iLCJwYXNzd29yZCI6...</msg>
<var>${headers}</var>
<arg>Authorization=${TOKEN}</arg>
<doc>Creates and returns a dictionary based on the given ``items``.</doc>
<status status="PASS" start="2024-04-26T20:49:51.855282" elapsed="0.000000"/>
</kw>
<kw name="Create Dictionary" owner="BuiltIn">
<msg time="2024-04-26T20:49:51.856280" level="INFO">${body} = {'departmentName': 'Novo Departamento', 'costCenterId': '64e51573d94be9062773f6da'}</msg>
<var>${body}</var>
<arg>departmentName=Novo Departamento</arg>
<arg>costCenterId=64e51573d94be9062773f6da</arg>
<doc>Creates and returns a dictionary based on the given ``items``.</doc>
<status status="PASS" start="2024-04-26T20:49:51.856280" elapsed="0.000000"/>
</kw>
<kw name="Log" owner="BuiltIn">
<msg time="2024-04-26T20:49:51.856280" level="INFO">{'departmentName': 'Novo Departamento', 'costCenterId': '64e51573d94be9062773f6da'}</msg>
<arg>${body}</arg>
<doc>Logs the given message with the given level.</doc>
<status status="PASS" start="2024-04-26T20:49:51.856280" elapsed="0.000000"/>
</kw>
<kw name="Criar sessão" owner="swagger_testes_recursos">
<kw name="Create Dictionary" owner="BuiltIn">
<msg time="2024-04-26T20:49:51.857278" level="INFO">${headers} = {'accept': 'application/json', 'Content-Type': 'application/json', 'Authorization': 'eyJhbGciOiJIUzI1NiIsInR5cCI6IkpXVCJ9.eyJfaWQiOiI2NTMzMDk5YWZhNzBkNTMwNzVjODFlZjQiLCJmdWxsTmFtZSI6IlFhLUNvZGVycy1TWV...</msg>
<var>${headers}</var>
<arg>accept=application/json</arg>
<arg>Content-Type=application/json</arg>
<arg>Authorization=${TOKEN}</arg>
<doc>Creates and returns a dictionary based on the given ``items``.</doc>
<status status="PASS" start="2024-04-26T20:49:51.857278" elapsed="0.000000"/>
</kw>
<kw name="Create Session" owner="RequestsLibrary">
<msg time="2024-04-26T20:49:51.858277" level="INFO">Creating Session using : alias=APISwagger, url=https://qualitys-hunters.qacoders-academy.com.br, headers={'accept': 'application/json', 'Content-Type': 'application/json', 'Authorization': 'eyJhbGciOiJIUzI1NiIsInR5cCI6IkpXVCJ9.eyJfaWQiOiI2NTMzMDk5YWZhNzBkNTMwNzVjODFlZjQiLCJmdWxsTmFtZSI6IlFhLUNvZGVycy1TWVNBRE1JTiIsIm1haWwiOiJzeXNhZG1pbkBxYWNvZGVycy5jb20iLCJwYXNzd29yZCI6IiQyYiQxMCRBVEd0US5ZMVB4a1VxNHJDS00zS2x1djl4TVJIUHU4Mkg4Ylo3ZFNFSVNxTHVQSlIuTEFuNiIsImFjY2Vzc1Byb2ZpbGUiOiJTWVNBRE1JTiIsImNwZiI6IjExMTExMTExMTExIiwic3RhdHVzIjp0cnVlLCJhdWRpdCI6W3sicmVnaXN0ZXJlZEJ5Ijp7InVzZXJJZCI6IjExMTExMTExMTExMTExMTExMSIsInVzZXJMb2dpbiI6InN5c2FkbWluQHFhY29kZXJzLmNvbSJ9LCJyZWdpc3RyYXRpb25EYXRlIjoic2V4dGEtZmVpcmEsIDIwLzEwLzIwMjMsIDIwOjEzOjI5IEJSVCIsInJlZ2lzdHJhdGlvbk51bWJlciI6IjAxIiwiY29tcGFueUlkIjoiUWEuQ29kZXJzIiwiX2lkIjoiNjUzMzA5OWFmYTcwZDUzMDc1YzgxZWY1In1dLCJfX3YiOjAsImlhdCI6MTcxMjI1MjY3NiwiZXhwIjoxNzEyMzM5MDc2fQ.s80hLFQ-InuCDIjnv2odxuDIq9t03A3bZ33SWMnL2m0'},                     cookies={}, auth=None, timeout=None, proxies=None, verify=False,                     debug=0 </msg>
<arg>alias=APISwagger</arg>
<arg>url=https://qualitys-hunters.qacoders-academy.com.br</arg>
<arg>headers=${headers}</arg>
<doc>Create Session: create a HTTP session to a server</doc>
<status status="PASS" start="2024-04-26T20:49:51.858277" elapsed="0.000000"/>
</kw>
<status status="PASS" start="2024-04-26T20:49:51.857278" elapsed="0.000999"/>
</kw>
<kw name="POST On Session" owner="RequestsLibrary">
<msg time="2024-04-26T20:50:12.923813" level="WARN">Retrying (RetryAdapter(total=2, connect=None, read=None, redirect=None, status=None)) after connection broken by 'ConnectTimeoutError(&lt;urllib3.connection.HTTPSConnection object at 0x0000021BFEF009E0&gt;, 'Connection to qualitys-hunters.qacoders-academy.com.br timed out. (connect timeout=None)')': /api/department</msg>
<msg time="2024-04-26T20:50:34.166626" level="WARN">Retrying (RetryAdapter(total=1, connect=None, read=None, redirect=None, status=None)) after connection broken by 'ConnectTimeoutError(&lt;urllib3.connection.HTTPSConnection object at 0x0000021BFEF00C80&gt;, 'Connection to qualitys-hunters.qacoders-academy.com.br timed out. (connect timeout=None)')': /api/department</msg>
<msg time="2024-04-26T20:50:55.644267" level="WARN">Retrying (RetryAdapter(total=0, connect=None, read=None, redirect=None, status=None)) after connection broken by 'ConnectTimeoutError(&lt;urllib3.connection.HTTPSConnection object at 0x0000021BFEF883E0&gt;, 'Connection to qualitys-hunters.qacoders-academy.com.br timed out. (connect timeout=None)')': /api/department</msg>
<msg time="2024-04-26T20:51:16.696447" level="FAIL">ConnectTimeout: HTTPSConnectionPool(host='qualitys-hunters.qacoders-academy.com.br', port=443): Max retries exceeded with url: /api/department (Caused by ConnectTimeoutError(&lt;urllib3.connection.HTTPSConnection object at 0x0000021BFEEE96D0&gt;, 'Connection to qualitys-hunters.qacoders-academy.com.br timed out. (connect timeout=None)'))</msg>
<var>${resposta}</var>
<arg>alias=APISwagger</arg>
<arg>url=api/department</arg>
<arg>json=${body}</arg>
<doc>Sends a POST request on a previously created HTTP Session.</doc>
<status status="FAIL" start="2024-04-26T20:49:51.858277" elapsed="84.845172">ConnectTimeout: HTTPSConnectionPool(host='qualitys-hunters.qacoders-academy.com.br', port=443): Max retries exceeded with url: /api/department (Caused by ConnectTimeoutError(&lt;urllib3.connection.HTTPSConnection object at 0x0000021BFEEE96D0&gt;, 'Connection to qualitys-hunters.qacoders-academy.com.br timed out. (connect timeout=None)'))</status>
</kw>
<kw name="Log" owner="BuiltIn">
<arg>${resposta.json()}</arg>
<doc>Logs the given message with the given level.</doc>
<status status="NOT RUN" start="2024-04-26T20:51:16.703449" elapsed="0.000000"/>
</kw>
<kw name="Set Test Variable" owner="BuiltIn">
<arg>${ID_USUARIO}</arg>
<arg>${resposta.json()['newDepartment']['_id']}</arg>
<doc>Makes a variable available everywhere within the scope of the current test.</doc>
<status status="NOT RUN" start="2024-04-26T20:51:16.703449" elapsed="0.000000"/>
</kw>
<kw name="Set Test Variable" owner="BuiltIn">
<arg>${RESPOSTA}</arg>
<arg>${resposta.json()}</arg>
<doc>Makes a variable available everywhere within the scope of the current test.</doc>
<status status="NOT RUN" start="2024-04-26T20:51:16.704448" elapsed="0.000000"/>
</kw>
<status status="FAIL" start="2024-04-26T20:49:51.854282" elapsed="84.850166">ConnectTimeout: HTTPSConnectionPool(host='qualitys-hunters.qacoders-academy.com.br', port=443): Max retries exceeded with url: /api/department (Caused by ConnectTimeoutError(&lt;urllib3.connection.HTTPSConnection object at 0x0000021BFEEE96D0&gt;, 'Connection to qualitys-hunters.qacoders-academy.com.br timed out. (connect timeout=None)'))</status>
</kw>
<kw name="Conferir se novo departamento foi cadastrado corretamente" owner="swagger_testes_recursos">
<status status="NOT RUN" start="2024-04-26T20:51:16.706215" elapsed="0.000000"/>
</kw>
<status status="FAIL" start="2024-04-26T20:49:51.852283" elapsed="84.855073">ConnectTimeout: HTTPSConnectionPool(host='qualitys-hunters.qacoders-academy.com.br', port=443): Max retries exceeded with url: /api/department (Caused by ConnectTimeoutError(&lt;urllib3.connection.HTTPSConnection object at 0x0000021BFEEE96D0&gt;, 'Connection to qualitys-hunters.qacoders-academy.com.br timed out. (connect timeout=None)'))</status>
</test>
<status status="FAIL" start="2024-04-26T20:45:37.123865" elapsed="339.588495"/>
</suite>
<suite id="s1-s4" name="Put Swagger Test" source="G:\Meu Drive\Academy_2024\RobortFramework\APIQualitysHunters\TesteAPIQH\tests\put_swagger_test.robot">
<test id="s1-s4-t1" name="Cenário com PUT: Editar dados da Diretoria" line="10">
<kw name="Criar diretoria" owner="swagger_testes_recursos">
<kw name="Create Dictionary" owner="BuiltIn">
<msg time="2024-04-26T20:51:16.745138" level="INFO">${headers} = {'Authorization': 'eyJhbGciOiJIUzI1NiIsInR5cCI6IkpXVCJ9.eyJfaWQiOiI2NTMzMDk5YWZhNzBkNTMwNzVjODFlZjQiLCJmdWxsTmFtZSI6IlFhLUNvZGVycy1TWVNBRE1JTiIsIm1haWwiOiJzeXNhZG1pbkBxYWNvZGVycy5jb20iLCJwYXNzd29yZCI6...</msg>
<var>${headers}</var>
<arg>Authorization=${TOKEN}</arg>
<doc>Creates and returns a dictionary based on the given ``items``.</doc>
<status status="PASS" start="2024-04-26T20:51:16.744132" elapsed="0.001006"/>
</kw>
<kw name="Create Dictionary" owner="BuiltIn">
<msg time="2024-04-26T20:51:16.745138" level="INFO">${body} = {'boardName': ''}</msg>
<var>${body}</var>
<arg>boardName=</arg>
<doc>Creates and returns a dictionary based on the given ``items``.</doc>
<status status="PASS" start="2024-04-26T20:51:16.745138" elapsed="0.000000"/>
</kw>
<kw name="Log" owner="BuiltIn">
<msg time="2024-04-26T20:51:16.745138" level="INFO">{'boardName': ''}</msg>
<arg>${body}</arg>
<doc>Logs the given message with the given level.</doc>
<status status="PASS" start="2024-04-26T20:51:16.745138" elapsed="0.000000"/>
</kw>
<kw name="Criar sessão" owner="swagger_testes_recursos">
<kw name="Create Dictionary" owner="BuiltIn">
<msg time="2024-04-26T20:51:16.746136" level="INFO">${headers} = {'accept': 'application/json', 'Content-Type': 'application/json', 'Authorization': 'eyJhbGciOiJIUzI1NiIsInR5cCI6IkpXVCJ9.eyJfaWQiOiI2NTMzMDk5YWZhNzBkNTMwNzVjODFlZjQiLCJmdWxsTmFtZSI6IlFhLUNvZGVycy1TWV...</msg>
<var>${headers}</var>
<arg>accept=application/json</arg>
<arg>Content-Type=application/json</arg>
<arg>Authorization=${TOKEN}</arg>
<doc>Creates and returns a dictionary based on the given ``items``.</doc>
<status status="PASS" start="2024-04-26T20:51:16.746136" elapsed="0.000000"/>
</kw>
<kw name="Create Session" owner="RequestsLibrary">
<msg time="2024-04-26T20:51:16.747137" level="INFO">Creating Session using : alias=APISwagger, url=https://qualitys-hunters.qacoders-academy.com.br, headers={'accept': 'application/json', 'Content-Type': 'application/json', 'Authorization': 'eyJhbGciOiJIUzI1NiIsInR5cCI6IkpXVCJ9.eyJfaWQiOiI2NTMzMDk5YWZhNzBkNTMwNzVjODFlZjQiLCJmdWxsTmFtZSI6IlFhLUNvZGVycy1TWVNBRE1JTiIsIm1haWwiOiJzeXNhZG1pbkBxYWNvZGVycy5jb20iLCJwYXNzd29yZCI6IiQyYiQxMCRBVEd0US5ZMVB4a1VxNHJDS00zS2x1djl4TVJIUHU4Mkg4Ylo3ZFNFSVNxTHVQSlIuTEFuNiIsImFjY2Vzc1Byb2ZpbGUiOiJTWVNBRE1JTiIsImNwZiI6IjExMTExMTExMTExIiwic3RhdHVzIjp0cnVlLCJhdWRpdCI6W3sicmVnaXN0ZXJlZEJ5Ijp7InVzZXJJZCI6IjExMTExMTExMTExMTExMTExMSIsInVzZXJMb2dpbiI6InN5c2FkbWluQHFhY29kZXJzLmNvbSJ9LCJyZWdpc3RyYXRpb25EYXRlIjoic2V4dGEtZmVpcmEsIDIwLzEwLzIwMjMsIDIwOjEzOjI5IEJSVCIsInJlZ2lzdHJhdGlvbk51bWJlciI6IjAxIiwiY29tcGFueUlkIjoiUWEuQ29kZXJzIiwiX2lkIjoiNjUzMzA5OWFmYTcwZDUzMDc1YzgxZWY1In1dLCJfX3YiOjAsImlhdCI6MTcxMjI1MjY3NiwiZXhwIjoxNzEyMzM5MDc2fQ.s80hLFQ-InuCDIjnv2odxuDIq9t03A3bZ33SWMnL2m0'},                     cookies={}, auth=None, timeout=None, proxies=None, verify=False,                     debug=0 </msg>
<arg>alias=APISwagger</arg>
<arg>url=https://qualitys-hunters.qacoders-academy.com.br</arg>
<arg>headers=${headers}</arg>
<doc>Create Session: create a HTTP session to a server</doc>
<status status="PASS" start="2024-04-26T20:51:16.746136" elapsed="0.001001"/>
</kw>
<status status="PASS" start="2024-04-26T20:51:16.745138" elapsed="0.001999"/>
</kw>
<kw name="POST On Session" owner="RequestsLibrary">
<msg time="2024-04-26T20:51:37.818395" level="WARN">Retrying (RetryAdapter(total=2, connect=None, read=None, redirect=None, status=None)) after connection broken by 'ConnectTimeoutError(&lt;urllib3.connection.HTTPSConnection object at 0x0000021BFEF023F0&gt;, 'Connection to qualitys-hunters.qacoders-academy.com.br timed out. (connect timeout=None)')': /api/board</msg>
<msg time="2024-04-26T20:51:59.088364" level="WARN">Retrying (RetryAdapter(total=1, connect=None, read=None, redirect=None, status=None)) after connection broken by 'ConnectTimeoutError(&lt;urllib3.connection.HTTPSConnection object at 0x0000021BFEF00CB0&gt;, 'Connection to qualitys-hunters.qacoders-academy.com.br timed out. (connect timeout=None)')': /api/board</msg>
<msg time="2024-04-26T20:52:20.545866" level="WARN">Retrying (RetryAdapter(total=0, connect=None, read=None, redirect=None, status=None)) after connection broken by 'ConnectTimeoutError(&lt;urllib3.connection.HTTPSConnection object at 0x0000021BFEFB7140&gt;, 'Connection to qualitys-hunters.qacoders-academy.com.br timed out. (connect timeout=None)')': /api/board</msg>
<msg time="2024-04-26T20:52:41.622006" level="FAIL">ConnectTimeout: HTTPSConnectionPool(host='qualitys-hunters.qacoders-academy.com.br', port=443): Max retries exceeded with url: /api/board (Caused by ConnectTimeoutError(&lt;urllib3.connection.HTTPSConnection object at 0x0000021BFEFB4530&gt;, 'Connection to qualitys-hunters.qacoders-academy.com.br timed out. (connect timeout=None)'))</msg>
<var>${resposta}</var>
<arg>alias=APISwagger</arg>
<arg>url=/api/board</arg>
<arg>json=${body}</arg>
<doc>Sends a POST request on a previously created HTTP Session.</doc>
<status status="FAIL" start="2024-04-26T20:51:16.747137" elapsed="84.877866">ConnectTimeout: HTTPSConnectionPool(host='qualitys-hunters.qacoders-academy.com.br', port=443): Max retries exceeded with url: /api/board (Caused by ConnectTimeoutError(&lt;urllib3.connection.HTTPSConnection object at 0x0000021BFEFB4530&gt;, 'Connection to qualitys-hunters.qacoders-academy.com.br timed out. (connect timeout=None)'))</status>
</kw>
<kw name="Log" owner="BuiltIn">
<arg>${resposta.json()}</arg>
<doc>Logs the given message with the given level.</doc>
<status status="NOT RUN" start="2024-04-26T20:52:41.625003" elapsed="0.000000"/>
</kw>
<kw name="Set Test Variable" owner="BuiltIn">
<arg>${BOARD_NAME}</arg>
<arg>${resposta.json()['newBoard']['_id']}</arg>
<doc>Makes a variable available everywhere within the scope of the current test.</doc>
<status status="NOT RUN" start="2024-04-26T20:52:41.625003" elapsed="0.000000"/>
</kw>
<kw name="Set Test Variable" owner="BuiltIn">
<arg>${RESPOSTA}</arg>
<arg>${resposta.json()}</arg>
<doc>Makes a variable available everywhere within the scope of the current test.</doc>
<status status="NOT RUN" start="2024-04-26T20:52:41.625003" elapsed="0.000000"/>
</kw>
<kw>
<var>${resposta}</var>
<var>${resposta['expected_status']['400']}</var>
<status status="NOT RUN" start="2024-04-26T20:52:41.626002" elapsed="0.000000"/>
</kw>
<status status="FAIL" start="2024-04-26T20:51:16.744132" elapsed="84.881870">ConnectTimeout: HTTPSConnectionPool(host='qualitys-hunters.qacoders-academy.com.br', port=443): Max retries exceeded with url: /api/board (Caused by ConnectTimeoutError(&lt;urllib3.connection.HTTPSConnection object at 0x0000021BFEFB4530&gt;, 'Connection to qualitys-hunters.qacoders-academy.com.br timed out. (connect timeout=None)'))</status>
</kw>
<kw name="Conferir os dados retornados da Diretoria" owner="swagger_testes_recursos">
<status status="NOT RUN" start="2024-04-26T20:52:41.626385" elapsed="0.000000"/>
</kw>
<kw name="Consultar os dados da Diretoria" owner="swagger_testes_recursos">
<status status="NOT RUN" start="2024-04-26T20:52:41.627389" elapsed="0.000000"/>
</kw>
<kw name="Criar sessão" owner="swagger_testes_recursos">
<status status="NOT RUN" start="2024-04-26T20:52:41.627389" elapsed="0.000000"/>
</kw>
<kw name="Alterar status da Diretoria" owner="swagger_testes_recursos">
<status status="NOT RUN" start="2024-04-26T20:52:41.628387" elapsed="0.000000"/>
</kw>
<status status="FAIL" start="2024-04-26T20:51:16.742588" elapsed="84.885799">ConnectTimeout: HTTPSConnectionPool(host='qualitys-hunters.qacoders-academy.com.br', port=443): Max retries exceeded with url: /api/board (Caused by ConnectTimeoutError(&lt;urllib3.connection.HTTPSConnection object at 0x0000021BFEFB4530&gt;, 'Connection to qualitys-hunters.qacoders-academy.com.br timed out. (connect timeout=None)'))</status>
</test>
<status status="FAIL" start="2024-04-26T20:51:16.715361" elapsed="84.914693"/>
</suite>
<status status="FAIL" start="2024-04-26T20:42:46.740269" elapsed="594.891782"/>
</suite>
<statistics>
<total>
<stat pass="0" fail="7" skip="0">All Tests</stat>
</total>
<tag>
</tag>
<suite>
<stat pass="0" fail="7" skip="0" id="s1" name="Tests">Tests</stat>
<stat pass="0" fail="1" skip="0" id="s1-s1" name="Delete Swagger Test">Tests.Delete Swagger Test</stat>
<stat pass="0" fail="1" skip="0" id="s1-s2" name="Get Swagger Test">Tests.Get Swagger Test</stat>
<stat pass="0" fail="4" skip="0" id="s1-s3" name="Post Swagger Test">Tests.Post Swagger Test</stat>
<stat pass="0" fail="1" skip="0" id="s1-s4" name="Put Swagger Test">Tests.Put Swagger Test</stat>
</suite>
</statistics>
<errors>
<msg time="2024-04-26T20:42:47.069190" level="ERROR">Error in file 'G:\Meu Drive\Academy_2024\RobortFramework\APIQualitysHunters\TesteAPIQH\resources\swagger_testes_recursos.resource' on line 8: Importing library 'FakerLibrary' failed: ModuleNotFoundError: No module named 'pkg_resources'
Traceback (most recent call last):
  File "C:\Users\Cyntia\AppData\Local\Programs\Python\Python312\Lib\site-packages\FakerLibrary\__init__.py", line 1, in &lt;module&gt;
    import pkg_resources
PYTHONPATH:
  C:\Users\Cyntia\AppData\Local\Programs\Python\Python312\Scripts\robot.exe
  C:\Users\Cyntia\AppData\Local\Programs\Python\Python312\python312.zip
  C:\Users\Cyntia\AppData\Local\Programs\Python\Python312\DLLs
  C:\Users\Cyntia\AppData\Local\Programs\Python\Python312\Lib
  C:\Users\Cyntia\AppData\Local\Programs\Python\Python312
  C:\Users\Cyntia\AppData\Local\Programs\Python\Python312\Lib\site-packages</msg>
<msg time="2024-04-26T20:43:08.169569" level="WARN">Retrying (RetryAdapter(total=2, connect=None, read=None, redirect=None, status=None)) after connection broken by 'ConnectTimeoutError(&lt;urllib3.connection.HTTPSConnection object at 0x0000021BFB758050&gt;, 'Connection to qualitys-hunters.qacoders-academy.com.br timed out. (connect timeout=None)')': /api/board</msg>
<msg time="2024-04-26T20:43:29.434936" level="WARN">Retrying (RetryAdapter(total=1, connect=None, read=None, redirect=None, status=None)) after connection broken by 'ConnectTimeoutError(&lt;urllib3.connection.HTTPSConnection object at 0x0000021BFEF030E0&gt;, 'Connection to qualitys-hunters.qacoders-academy.com.br timed out. (connect timeout=None)')': /api/board</msg>
<msg time="2024-04-26T20:43:50.893627" level="WARN">Retrying (RetryAdapter(total=0, connect=None, read=None, redirect=None, status=None)) after connection broken by 'ConnectTimeoutError(&lt;urllib3.connection.HTTPSConnection object at 0x0000021BFEF033B0&gt;, 'Connection to qualitys-hunters.qacoders-academy.com.br timed out. (connect timeout=None)')': /api/board</msg>
<msg time="2024-04-26T20:44:12.189056" level="ERROR">Error in file 'G:\Meu Drive\Academy_2024\RobortFramework\APIQualitysHunters\TesteAPIQH\resources\swagger_testes_recursos.resource' on line 8: Importing library 'FakerLibrary' failed: ModuleNotFoundError: No module named 'pkg_resources'
Traceback (most recent call last):
  File "C:\Users\Cyntia\AppData\Local\Programs\Python\Python312\Lib\site-packages\FakerLibrary\__init__.py", line 1, in &lt;module&gt;
    import pkg_resources
PYTHONPATH:
  C:\Users\Cyntia\AppData\Local\Programs\Python\Python312\Scripts\robot.exe
  C:\Users\Cyntia\AppData\Local\Programs\Python\Python312\python312.zip
  C:\Users\Cyntia\AppData\Local\Programs\Python\Python312\DLLs
  C:\Users\Cyntia\AppData\Local\Programs\Python\Python312\Lib
  C:\Users\Cyntia\AppData\Local\Programs\Python\Python312
  C:\Users\Cyntia\AppData\Local\Programs\Python\Python312\Lib\site-packages</msg>
<msg time="2024-04-26T20:44:33.272171" level="WARN">Retrying (RetryAdapter(total=2, connect=None, read=None, redirect=None, status=None)) after connection broken by 'ConnectTimeoutError(&lt;urllib3.connection.HTTPSConnection object at 0x0000021BFEEE9370&gt;, 'Connection to qualitys-hunters.qacoders-academy.com.br timed out. (connect timeout=None)')': /api/login</msg>
<msg time="2024-04-26T20:44:54.530195" level="WARN">Retrying (RetryAdapter(total=1, connect=None, read=None, redirect=None, status=None)) after connection broken by 'ConnectTimeoutError(&lt;urllib3.connection.HTTPSConnection object at 0x0000021BFEF8AC60&gt;, 'Connection to qualitys-hunters.qacoders-academy.com.br timed out. (connect timeout=None)')': /api/login</msg>
<msg time="2024-04-26T20:45:15.992221" level="WARN">Retrying (RetryAdapter(total=0, connect=None, read=None, redirect=None, status=None)) after connection broken by 'ConnectTimeoutError(&lt;urllib3.connection.HTTPSConnection object at 0x0000021BFEF8B0E0&gt;, 'Connection to qualitys-hunters.qacoders-academy.com.br timed out. (connect timeout=None)')': /api/login</msg>
<msg time="2024-04-26T20:45:37.141330" level="ERROR">Error in file 'G:\Meu Drive\Academy_2024\RobortFramework\APIQualitysHunters\TesteAPIQH\resources\swagger_testes_recursos.resource' on line 8: Importing library 'FakerLibrary' failed: ModuleNotFoundError: No module named 'pkg_resources'
Traceback (most recent call last):
  File "C:\Users\Cyntia\AppData\Local\Programs\Python\Python312\Lib\site-packages\FakerLibrary\__init__.py", line 1, in &lt;module&gt;
    import pkg_resources
PYTHONPATH:
  C:\Users\Cyntia\AppData\Local\Programs\Python\Python312\Scripts\robot.exe
  C:\Users\Cyntia\AppData\Local\Programs\Python\Python312\python312.zip
  C:\Users\Cyntia\AppData\Local\Programs\Python\Python312\DLLs
  C:\Users\Cyntia\AppData\Local\Programs\Python\Python312\Lib
  C:\Users\Cyntia\AppData\Local\Programs\Python\Python312
  C:\Users\Cyntia\AppData\Local\Programs\Python\Python312\Lib\site-packages</msg>
<msg time="2024-04-26T20:45:58.232701" level="WARN">Retrying (RetryAdapter(total=2, connect=None, read=None, redirect=None, status=None)) after connection broken by 'ConnectTimeoutError(&lt;urllib3.connection.HTTPSConnection object at 0x0000021BFEFB6F60&gt;, 'Connection to qualitys-hunters.qacoders-academy.com.br timed out. (connect timeout=None)')': /api/login</msg>
<msg time="2024-04-26T20:46:19.497525" level="WARN">Retrying (RetryAdapter(total=1, connect=None, read=None, redirect=None, status=None)) after connection broken by 'ConnectTimeoutError(&lt;urllib3.connection.HTTPSConnection object at 0x0000021BFE416120&gt;, 'Connection to qualitys-hunters.qacoders-academy.com.br timed out. (connect timeout=None)')': /api/login</msg>
<msg time="2024-04-26T20:46:40.967498" level="WARN">Retrying (RetryAdapter(total=0, connect=None, read=None, redirect=None, status=None)) after connection broken by 'ConnectTimeoutError(&lt;urllib3.connection.HTTPSConnection object at 0x0000021BFEF013D0&gt;, 'Connection to qualitys-hunters.qacoders-academy.com.br timed out. (connect timeout=None)')': /api/login</msg>
<msg time="2024-04-26T20:47:23.124808" level="WARN">Retrying (RetryAdapter(total=2, connect=None, read=None, redirect=None, status=None)) after connection broken by 'ConnectTimeoutError(&lt;urllib3.connection.HTTPSConnection object at 0x0000021BFEFDCA40&gt;, 'Connection to qualitys-hunters.qacoders-academy.com.br timed out. (connect timeout=None)')': /api/board</msg>
<msg time="2024-04-26T20:47:44.397076" level="WARN">Retrying (RetryAdapter(total=1, connect=None, read=None, redirect=None, status=None)) after connection broken by 'ConnectTimeoutError(&lt;urllib3.connection.HTTPSConnection object at 0x0000021BFEFDCCE0&gt;, 'Connection to qualitys-hunters.qacoders-academy.com.br timed out. (connect timeout=None)')': /api/board</msg>
<msg time="2024-04-26T20:48:05.851038" level="WARN">Retrying (RetryAdapter(total=0, connect=None, read=None, redirect=None, status=None)) after connection broken by 'ConnectTimeoutError(&lt;urllib3.connection.HTTPSConnection object at 0x0000021BFEFDCEC0&gt;, 'Connection to qualitys-hunters.qacoders-academy.com.br timed out. (connect timeout=None)')': /api/board</msg>
<msg time="2024-04-26T20:48:48.023947" level="WARN">Retrying (RetryAdapter(total=2, connect=None, read=None, redirect=None, status=None)) after connection broken by 'ConnectTimeoutError(&lt;urllib3.connection.HTTPSConnection object at 0x0000021BFEF8A810&gt;, 'Connection to qualitys-hunters.qacoders-academy.com.br timed out. (connect timeout=None)')': /api/costCenter/</msg>
<msg time="2024-04-26T20:49:09.296137" level="WARN">Retrying (RetryAdapter(total=1, connect=None, read=None, redirect=None, status=None)) after connection broken by 'ConnectTimeoutError(&lt;urllib3.connection.HTTPSConnection object at 0x0000021BFEF88FB0&gt;, 'Connection to qualitys-hunters.qacoders-academy.com.br timed out. (connect timeout=None)')': /api/costCenter/</msg>
<msg time="2024-04-26T20:49:30.768857" level="WARN">Retrying (RetryAdapter(total=0, connect=None, read=None, redirect=None, status=None)) after connection broken by 'ConnectTimeoutError(&lt;urllib3.connection.HTTPSConnection object at 0x0000021BFEF8A9F0&gt;, 'Connection to qualitys-hunters.qacoders-academy.com.br timed out. (connect timeout=None)')': /api/costCenter/</msg>
<msg time="2024-04-26T20:50:12.923813" level="WARN">Retrying (RetryAdapter(total=2, connect=None, read=None, redirect=None, status=None)) after connection broken by 'ConnectTimeoutError(&lt;urllib3.connection.HTTPSConnection object at 0x0000021BFEF009E0&gt;, 'Connection to qualitys-hunters.qacoders-academy.com.br timed out. (connect timeout=None)')': /api/department</msg>
<msg time="2024-04-26T20:50:34.166626" level="WARN">Retrying (RetryAdapter(total=1, connect=None, read=None, redirect=None, status=None)) after connection broken by 'ConnectTimeoutError(&lt;urllib3.connection.HTTPSConnection object at 0x0000021BFEF00C80&gt;, 'Connection to qualitys-hunters.qacoders-academy.com.br timed out. (connect timeout=None)')': /api/department</msg>
<msg time="2024-04-26T20:50:55.644267" level="WARN">Retrying (RetryAdapter(total=0, connect=None, read=None, redirect=None, status=None)) after connection broken by 'ConnectTimeoutError(&lt;urllib3.connection.HTTPSConnection object at 0x0000021BFEF883E0&gt;, 'Connection to qualitys-hunters.qacoders-academy.com.br timed out. (connect timeout=None)')': /api/department</msg>
<msg time="2024-04-26T20:51:16.738589" level="ERROR">Error in file 'G:\Meu Drive\Academy_2024\RobortFramework\APIQualitysHunters\TesteAPIQH\resources\swagger_testes_recursos.resource' on line 8: Importing library 'FakerLibrary' failed: ModuleNotFoundError: No module named 'pkg_resources'
Traceback (most recent call last):
  File "C:\Users\Cyntia\AppData\Local\Programs\Python\Python312\Lib\site-packages\FakerLibrary\__init__.py", line 1, in &lt;module&gt;
    import pkg_resources
PYTHONPATH:
  C:\Users\Cyntia\AppData\Local\Programs\Python\Python312\Scripts\robot.exe
  C:\Users\Cyntia\AppData\Local\Programs\Python\Python312\python312.zip
  C:\Users\Cyntia\AppData\Local\Programs\Python\Python312\DLLs
  C:\Users\Cyntia\AppData\Local\Programs\Python\Python312\Lib
  C:\Users\Cyntia\AppData\Local\Programs\Python\Python312
  C:\Users\Cyntia\AppData\Local\Programs\Python\Python312\Lib\site-packages</msg>
<msg time="2024-04-26T20:51:37.818395" level="WARN">Retrying (RetryAdapter(total=2, connect=None, read=None, redirect=None, status=None)) after connection broken by 'ConnectTimeoutError(&lt;urllib3.connection.HTTPSConnection object at 0x0000021BFEF023F0&gt;, 'Connection to qualitys-hunters.qacoders-academy.com.br timed out. (connect timeout=None)')': /api/board</msg>
<msg time="2024-04-26T20:51:59.088364" level="WARN">Retrying (RetryAdapter(total=1, connect=None, read=None, redirect=None, status=None)) after connection broken by 'ConnectTimeoutError(&lt;urllib3.connection.HTTPSConnection object at 0x0000021BFEF00CB0&gt;, 'Connection to qualitys-hunters.qacoders-academy.com.br timed out. (connect timeout=None)')': /api/board</msg>
<msg time="2024-04-26T20:52:20.545866" level="WARN">Retrying (RetryAdapter(total=0, connect=None, read=None, redirect=None, status=None)) after connection broken by 'ConnectTimeoutError(&lt;urllib3.connection.HTTPSConnection object at 0x0000021BFEFB7140&gt;, 'Connection to qualitys-hunters.qacoders-academy.com.br timed out. (connect timeout=None)')': /api/board</msg>
</errors>
</robot>
